#
# There is insufficient memory for the Java Runtime Environment to continue.
# Native memory allocation (malloc) failed to allocate 2097152 bytes for AllocateHeap
# Possible reasons:
#   The system is out of physical RAM or swap space
#   The process is running with CompressedOops enabled, and the Java Heap may be blocking the growth of the native heap
# Possible solutions:
#   Reduce memory load on the system
#   Increase physical memory or swap space
#   Check if swap backing store is full
#   Decrease Java heap size (-Xmx/-Xms)
#   Decrease number of Java threads
#   Decrease Java thread stack sizes (-Xss)
#   Set larger code cache with -XX:ReservedCodeCacheSize=
#   JVM is running with Unscaled Compressed Oops mode in which the Java heap is
#     placed in the first 4GB address space. The Java Heap base address is the
#     maximum limit for the native heap growth. Please use -XX:HeapBaseMinAddress
#     to set the Java Heap base and to place the Java Heap above 4GB virtual address.
# This output file may be truncated or incomplete.
#
#  Out of Memory Error (allocation.cpp:44), pid=22332, tid=18264
#
# JRE version: OpenJDK Runtime Environment Temurin-17.0.6+10 (17.0.6+10) (build 17.0.6+10)
# Java VM: OpenJDK 64-Bit Server VM Temurin-17.0.6+10 (17.0.6+10, mixed mode, emulated-client, tiered, compressed oops, compressed class ptrs, g1 gc, windows-amd64)
# No core dump will be written. Minidumps are not enabled by default on client versions of Windows
#

---------------  S U M M A R Y ------------

Command Line: -XX:+HeapDumpOnOutOfMemoryError -Xmx1024m -Dsts.lsp.client=vscode -Dsts.log.file=/dev/null -XX:TieredStopAtLevel=1 -Xlog:jni+resolve=off -Dspring.config.location=file:c:\Users\sebas\.vscode\extensions\vmware.vscode-spring-boot-1.45.0\language-server\BOOT-INF\classes\application.properties org.springframework.ide.vscode.boot.app.BootLanguageServerBootApp

Host: 11th Gen Intel(R) Core(TM) i5-11400H @ 2.70GHz, 12 cores, 7G,  Windows 11 , 64 bit Build 22621 (10.0.22621.1344)
Time: Tue Mar 21 09:33:33 2023 Hora est. Pacífico, Sudamérica elapsed time: 3539.143989 seconds (0d 0h 58m 59s)

---------------  T H R E A D  ---------------

Current thread (0x000001ebd8663a00):  VMThread "VM Thread" [stack: 0x000000b849b00000,0x000000b849c00000] [id=18264]

Stack: [0x000000b849b00000,0x000000b849c00000]
Native frames: (J=compiled Java code, j=interpreted, Vv=VM code, C=native code)
V  [jvm.dll+0x67741a]
V  [jvm.dll+0x834434]
V  [jvm.dll+0x835bde]
V  [jvm.dll+0x836243]
V  [jvm.dll+0x2457b5]
V  [jvm.dll+0xa626f]
V  [jvm.dll+0x2f5b61]
V  [jvm.dll+0x2f17e0]
V  [jvm.dll+0x2d9ee7]
V  [jvm.dll+0x31ce67]
V  [jvm.dll+0x83a6eb]
V  [jvm.dll+0x83b424]
V  [jvm.dll+0x83b93c]
V  [jvm.dll+0x83bd14]
V  [jvm.dll+0x83bde0]
V  [jvm.dll+0x7e483a]
V  [jvm.dll+0x6762c5]
C  [ucrtbase.dll+0x29363]
C  [KERNEL32.DLL+0x126bd]
C  [ntdll.dll+0x5a9f8]

VM_Operation (0x000000b84b6fe940): G1CollectFull, mode: safepoint, requested by thread 0x000001ebd901f2d0


---------------  P R O C E S S  ---------------

Threads class SMR info:
_java_thread_list=0x000001ebddb50560, length=32, elements={
0x000001ebd867f390, 0x000001ebd8680d50, 0x000001ebd869b550, 0x000001ebd869be10,
0x000001ebd869e7d0, 0x000001ebd901e930, 0x000001ebd9022e20, 0x000001ebd902bc30,
0x000001ebd9021480, 0x000001ebd9021950, 0x000001ebd9021e20, 0x000001ebd901e460,
0x000001ebd901f2d0, 0x000001ebd901ee00, 0x000001ebd901f7a0, 0x000001ebd9020610,
0x000001ebd9020ae0, 0x000001ebdb2f78c0, 0x000001ebdb2f7d90, 0x000001ebdb2f95a0,
0x000001ebdb2fc0f0, 0x000001ebd9020140, 0x000001ebdb2f8c00, 0x000001ebdb2fc5c0,
0x000001ebdb2fa8e0, 0x000001ebdb2fadb0, 0x000001ebdb2f6f20, 0x000001ebdb2f8260,
0x000001ebdb2fcf60, 0x000001ebdb2fb280, 0x000001ebdb2fd900, 0x000001ebdb2fd430
}

Java Threads: ( => current thread )
  0x000001ebd867f390 JavaThread "Reference Handler" daemon [_thread_blocked, id=12188, stack(0x000000b849c00000,0x000000b849d00000)]
  0x000001ebd8680d50 JavaThread "Finalizer" daemon [_thread_blocked, id=15124, stack(0x000000b849d00000,0x000000b849e00000)]
  0x000001ebd869b550 JavaThread "Signal Dispatcher" daemon [_thread_blocked, id=15824, stack(0x000000b849e00000,0x000000b849f00000)]
  0x000001ebd869be10 JavaThread "Attach Listener" daemon [_thread_blocked, id=14480, stack(0x000000b849f00000,0x000000b84a000000)]
  0x000001ebd869e7d0 JavaThread "Service Thread" daemon [_thread_blocked, id=8172, stack(0x000000b84a000000,0x000000b84a100000)]
  0x000001ebd901e930 JavaThread "Monitor Deflation Thread" daemon [_thread_blocked, id=6324, stack(0x000000b84a100000,0x000000b84a200000)]
  0x000001ebd9022e20 JavaThread "C1 CompilerThread0" daemon [_thread_blocked, id=14912, stack(0x000000b84a200000,0x000000b84a300000)]
  0x000001ebd902bc30 JavaThread "Sweeper thread" daemon [_thread_blocked, id=11184, stack(0x000000b84a300000,0x000000b84a400000)]
  0x000001ebd9021480 JavaThread "Notification Thread" daemon [_thread_blocked, id=5780, stack(0x000000b84a400000,0x000000b84a500000)]
  0x000001ebd9021950 JavaThread "Common-Cleaner" daemon [_thread_blocked, id=22820, stack(0x000000b84a600000,0x000000b84a700000)]
  0x000001ebd9021e20 JavaThread "boundedElastic-evictor-1" daemon [_thread_blocked, id=27784, stack(0x000000b84b000000,0x000000b84b100000)]
  0x000001ebd901e460 JavaThread "boundedElastic-evictor-2" daemon [_thread_blocked, id=25208, stack(0x000000b84b500000,0x000000b84b600000)]
  0x000001ebd901f2d0 JavaThread "pool-10-thread-1" [_thread_blocked, id=28472, stack(0x000000b84b600000,0x000000b84b700000)]
  0x000001ebd901ee00 JavaThread "LanguageServerApp-lifecycle" [_thread_blocked, id=748, stack(0x000000b84b700000,0x000000b84b800000)]
  0x000001ebd901f7a0 JavaThread "DestroyJavaVM" [_thread_blocked, id=6396, stack(0x000000b849500000,0x000000b849600000)]
  0x000001ebd9020610 JavaThread "pool-11-thread-1" [_thread_in_native, id=2468, stack(0x000000b84b800000,0x000000b84b900000)]
  0x000001ebd9020ae0 JavaThread "Simple-Language-Server main thread" daemon [_thread_blocked, id=3048, stack(0x000000b84b900000,0x000000b84ba00000)]
  0x000001ebdb2f78c0 JavaThread "parallel-1" daemon [_thread_blocked, id=27928, stack(0x000000b84ce00000,0x000000b84cf00000)]
  0x000001ebdb2f7d90 JavaThread "parallel-2" daemon [_thread_blocked, id=11376, stack(0x000000b84cf00000,0x000000b84d000000)]
  0x000001ebdb2f95a0 JavaThread "pool-4-thread-1" [_thread_blocked, id=12652, stack(0x000000b84d200000,0x000000b84d300000)]
  0x000001ebdb2fc0f0 JavaThread "parallel-3" daemon [_thread_blocked, id=17924, stack(0x000000b84d300000,0x000000b84d400000)]
  0x000001ebd9020140 JavaThread "parallel-4" daemon [_thread_blocked, id=24524, stack(0x000000b84c100000,0x000000b84c200000)]
  0x000001ebdb2f8c00 JavaThread "pool-6-thread-1" [_thread_blocked, id=11756, stack(0x000000b84c000000,0x000000b84c100000)]
  0x000001ebdb2fc5c0 JavaThread "parallel-5" daemon [_thread_blocked, id=11792, stack(0x000000b84c200000,0x000000b84c300000)]
  0x000001ebdb2fa8e0 JavaThread "Reconciler-1" daemon [_thread_blocked, id=6356, stack(0x000000b84c500000,0x000000b84c600000)]
  0x000001ebdb2fadb0 JavaThread "parallel-6" daemon [_thread_blocked, id=28512, stack(0x000000b84c600000,0x000000b84c700000)]
  0x000001ebdb2f6f20 JavaThread "parallel-7" daemon [_thread_blocked, id=16444, stack(0x000000b849200000,0x000000b849300000)]
  0x000001ebdb2f8260 JavaThread "parallel-8" daemon [_thread_blocked, id=27884, stack(0x000000b849300000,0x000000b849400000)]
  0x000001ebdb2fcf60 JavaThread "parallel-9" daemon [_thread_blocked, id=1992, stack(0x000000b84c400000,0x000000b84c500000)]
  0x000001ebdb2fb280 JavaThread "parallel-10" daemon [_thread_blocked, id=22472, stack(0x000000b84c800000,0x000000b84c900000)]
  0x000001ebdb2fd900 JavaThread "parallel-11" daemon [_thread_blocked, id=5124, stack(0x000000b84c900000,0x000000b84ca00000)]
  0x000001ebdb2fd430 JavaThread "parallel-12" daemon [_thread_blocked, id=13764, stack(0x000000b84ca00000,0x000000b84cb00000)]

Other Threads:
=>0x000001ebd8663a00 VMThread "VM Thread" [stack: 0x000000b849b00000,0x000000b849c00000] [id=18264]
  0x000001ebcd452a20 WatcherThread [stack: 0x000000b84a500000,0x000000b84a600000] [id=22976]
  0x000001ebcd43fd80 GCTaskThread "GC Thread#0" [stack: 0x000000b849600000,0x000000b849700000] [id=3612]
  0x000001ebd9bc6900 GCTaskThread "GC Thread#1" [stack: 0x000000b84a800000,0x000000b84a900000] [id=13120]
  0x000001ebd90ffcb0 GCTaskThread "GC Thread#2" [stack: 0x000000b84a900000,0x000000b84aa00000] [id=6952]
  0x000001ebd9b14f10 GCTaskThread "GC Thread#3" [stack: 0x000000b84aa00000,0x000000b84ab00000] [id=24060]
  0x000001ebd9b159d0 GCTaskThread "GC Thread#4" [stack: 0x000000b84ab00000,0x000000b84ac00000] [id=19188]
  0x000001ebd99d70f0 GCTaskThread "GC Thread#5" [stack: 0x000000b84ac00000,0x000000b84ad00000] [id=27652]
  0x000001ebd99d73a0 GCTaskThread "GC Thread#6" [stack: 0x000000b84ad00000,0x000000b84ae00000] [id=27736]
  0x000001ebd99d7650 GCTaskThread "GC Thread#7" [stack: 0x000000b84ae00000,0x000000b84af00000] [id=15100]
  0x000001ebd9af72f0 GCTaskThread "GC Thread#8" [stack: 0x000000b84af00000,0x000000b84b000000] [id=22040]
  0x000001ebdab66da0 GCTaskThread "GC Thread#9" [stack: 0x000000b84b200000,0x000000b84b300000] [id=13812]
  0x000001ebcd448cc0 ConcurrentGCThread "G1 Main Marker" [stack: 0x000000b849700000,0x000000b849800000] [id=24500]
  0x000001ebcd44a6e0 ConcurrentGCThread "G1 Conc#0" [stack: 0x000000b849800000,0x000000b849900000] [id=17236]
  0x000001ebda9d7bd0 ConcurrentGCThread "G1 Conc#1" [stack: 0x000000b84b300000,0x000000b84b400000] [id=9812]
  0x000001ebdaab8030 ConcurrentGCThread "G1 Conc#2" [stack: 0x000000b84b400000,0x000000b84b500000] [id=23092]
  0x000001ebcd4ae3f0 ConcurrentGCThread "G1 Refine#0" [stack: 0x000000b849900000,0x000000b849a00000] [id=18076]
  0x000001ebdaa60630 ConcurrentGCThread "G1 Refine#1" [stack: 0x000000b84d000000,0x000000b84d100000] [id=13948]
  0x000001ebdaa61d30 ConcurrentGCThread "G1 Refine#2" [stack: 0x000000b84d100000,0x000000b84d200000] [id=26344]
  0x000001ebdaa60910 ConcurrentGCThread "G1 Refine#3" [stack: 0x000000b84d600000,0x000000b84d700000] [id=26700]
  0x000001ebdaa60070 ConcurrentGCThread "G1 Refine#4" [stack: 0x000000b84d700000,0x000000b84d800000] [id=18708]
  0x000001ebdd5e37a0 ConcurrentGCThread "G1 Refine#5" [stack: 0x000000b84bb00000,0x000000b84bc00000] [id=28452]
  0x000001ebdd5e2660 ConcurrentGCThread "G1 Refine#6" [stack: 0x000000b84bc00000,0x000000b84bd00000] [id=27844]
  0x000001ebdd5e2940 ConcurrentGCThread "G1 Refine#7" [stack: 0x000000b84bd00000,0x000000b84be00000] [id=25228]
  0x000001ebdd5e48e0 ConcurrentGCThread "G1 Refine#8" [stack: 0x000000b84be00000,0x000000b84bf00000] [id=2508]
  0x000001ebdd5e20a0 ConcurrentGCThread "G1 Refine#9" [stack: 0x000000b84bf00000,0x000000b84c000000] [id=6956]
  0x000001ebd84c60d0 ConcurrentGCThread "G1 Service" [stack: 0x000000b849a00000,0x000000b849b00000] [id=7344]

Threads with active compile tasks:

VM state: at safepoint (normal execution)

VM Mutex/Monitor currently owned by a thread:  ([mutex/lock_event])
[0x000001ebcb1c5610] Threads_lock - owner thread: 0x000001ebd8663a00
[0x000001ebcd3ff9f0] Heap_lock - owner thread: 0x000001ebd901f2d0

Heap address: 0x00000000c0000000, size: 1024 MB, Compressed Oops mode: 32-bit

CDS archive(s) not mapped
Compressed class space mapped at: 0x0000000100000000-0x0000000140000000, reserved size: 1073741824
Narrow klass base: 0x0000000000000000, Narrow klass shift: 3, Narrow klass range: 0x140000000

GC Precious Log:
 CPUs: 12 total, 12 available
 Memory: 7829M
 Large Page Support: Disabled
 NUMA Support: Disabled
 Compressed Oops: Enabled (32-bit)
 Heap Region Size: 1M
 Heap Min Capacity: 8M
 Heap Initial Capacity: 124M
 Heap Max Capacity: 1G
 Pre-touch: Disabled
 Parallel Workers: 10
 Concurrent Workers: 3
 Concurrent Refinement Workers: 10
 Periodic GC: Disabled

Heap:
 garbage-first heap   total 239616K, used 78213K [0x00000000c0000000, 0x0000000100000000)
  region size 1024K, 1 young (1024K), 0 survivors (0K)
 Metaspace       used 71254K, committed 71744K, reserved 1114112K
  class space    used 9705K, committed 9920K, reserved 1048576K

Heap Regions: E=young(eden), S=young(survivor), O=old, HS=humongous(starts), HC=humongous(continues), CS=collection set, F=free, OA=open archive, CA=closed archive, TAMS=top-at-mark-start (previous, next)
|   0|0x00000000c0000000, 0x00000000c0100000, 0x00000000c0100000|100%| O|  |TAMS 0x00000000c0100000, 0x00000000c0000000| Untracked 
|   1|0x00000000c0100000, 0x00000000c01fffe8, 0x00000000c0200000| 99%| O|  |TAMS 0x00000000c01fffe8, 0x00000000c0100000| Untracked 
|   2|0x00000000c0200000, 0x00000000c0300000, 0x00000000c0300000|100%| O|  |TAMS 0x00000000c0300000, 0x00000000c0200000| Untracked 
|   3|0x00000000c0300000, 0x00000000c0400000, 0x00000000c0400000|100%| O|  |TAMS 0x00000000c0400000, 0x00000000c0300000| Untracked 
|   4|0x00000000c0400000, 0x00000000c04ffff8, 0x00000000c0500000| 99%| O|  |TAMS 0x00000000c04ffff8, 0x00000000c0400000| Untracked 
|   5|0x00000000c0500000, 0x00000000c0600000, 0x00000000c0600000|100%| O|  |TAMS 0x00000000c0600000, 0x00000000c0500000| Untracked 
|   6|0x00000000c0600000, 0x00000000c0700000, 0x00000000c0700000|100%| O|  |TAMS 0x00000000c0700000, 0x00000000c0600000| Untracked 
|   7|0x00000000c0700000, 0x00000000c07ffff0, 0x00000000c0800000| 99%| O|  |TAMS 0x00000000c07ffff0, 0x00000000c0700000| Untracked 
|   8|0x00000000c0800000, 0x00000000c08ffff8, 0x00000000c0900000| 99%| O|  |TAMS 0x00000000c08ffff8, 0x00000000c0800000| Untracked 
|   9|0x00000000c0900000, 0x00000000c09ffff8, 0x00000000c0a00000| 99%| O|  |TAMS 0x00000000c09ffff8, 0x00000000c0900000| Untracked 
|  10|0x00000000c0a00000, 0x00000000c0aff8f0, 0x00000000c0b00000| 99%| O|  |TAMS 0x00000000c0aff8f0, 0x00000000c0a00000| Untracked 
|  11|0x00000000c0b00000, 0x00000000c0bfffd8, 0x00000000c0c00000| 99%| O|  |TAMS 0x00000000c0bfffd8, 0x00000000c0b00000| Untracked 
|  12|0x00000000c0c00000, 0x00000000c0d00000, 0x00000000c0d00000|100%| O|  |TAMS 0x00000000c0d00000, 0x00000000c0c00000| Untracked 
|  13|0x00000000c0d00000, 0x00000000c0dffff8, 0x00000000c0e00000| 99%| O|  |TAMS 0x00000000c0dffff8, 0x00000000c0d00000| Untracked 
|  14|0x00000000c0e00000, 0x00000000c0f00000, 0x00000000c0f00000|100%| O|  |TAMS 0x00000000c0f00000, 0x00000000c0e00000| Untracked 
|  15|0x00000000c0f00000, 0x00000000c0fffff0, 0x00000000c1000000| 99%| O|  |TAMS 0x00000000c0fffff0, 0x00000000c0f00000| Untracked 
|  16|0x00000000c1000000, 0x00000000c10fffb0, 0x00000000c1100000| 99%| O|  |TAMS 0x00000000c10fffb0, 0x00000000c1000000| Untracked 
|  17|0x00000000c1100000, 0x00000000c1200000, 0x00000000c1200000|100%| O|  |TAMS 0x00000000c1200000, 0x00000000c1100000| Untracked 
|  18|0x00000000c1200000, 0x00000000c12ffff0, 0x00000000c1300000| 99%| O|  |TAMS 0x00000000c12ffff0, 0x00000000c1200000| Untracked 
|  19|0x00000000c1300000, 0x00000000c1400000, 0x00000000c1400000|100%| O|  |TAMS 0x00000000c1400000, 0x00000000c1300000| Untracked 
|  20|0x00000000c1400000, 0x00000000c14fffe8, 0x00000000c1500000| 99%| O|  |TAMS 0x00000000c14fffe8, 0x00000000c1400000| Untracked 
|  21|0x00000000c1500000, 0x00000000c1600000, 0x00000000c1600000|100%| O|  |TAMS 0x00000000c1600000, 0x00000000c1500000| Untracked 
|  22|0x00000000c1600000, 0x00000000c1700000, 0x00000000c1700000|100%| O|  |TAMS 0x00000000c1700000, 0x00000000c1600000| Untracked 
|  23|0x00000000c1700000, 0x00000000c17ffff8, 0x00000000c1800000| 99%| O|  |TAMS 0x00000000c17ffff8, 0x00000000c1700000| Untracked 
|  24|0x00000000c1800000, 0x00000000c18fff88, 0x00000000c1900000| 99%| O|  |TAMS 0x00000000c18fff88, 0x00000000c1800000| Untracked 
|  25|0x00000000c1900000, 0x00000000c19fff68, 0x00000000c1a00000| 99%| O|  |TAMS 0x00000000c19fff68, 0x00000000c1900000| Untracked 
|  26|0x00000000c1a00000, 0x00000000c1afb838, 0x00000000c1b00000| 98%| O|  |TAMS 0x00000000c1afb838, 0x00000000c1a00000| Untracked 
|  27|0x00000000c1b00000, 0x00000000c1bffff8, 0x00000000c1c00000| 99%| O|  |TAMS 0x00000000c1bffff8, 0x00000000c1b00000| Untracked 
|  28|0x00000000c1c00000, 0x00000000c1cfd688, 0x00000000c1d00000| 98%| O|  |TAMS 0x00000000c1cfd688, 0x00000000c1c00000| Untracked 
|  29|0x00000000c1d00000, 0x00000000c1e00000, 0x00000000c1e00000|100%| O|  |TAMS 0x00000000c1e00000, 0x00000000c1d00000| Untracked 
|  30|0x00000000c1e00000, 0x00000000c1effff8, 0x00000000c1f00000| 99%| O|  |TAMS 0x00000000c1effff8, 0x00000000c1e00000| Untracked 
|  31|0x00000000c1f00000, 0x00000000c1ffffe0, 0x00000000c2000000| 99%| O|  |TAMS 0x00000000c1ffffe0, 0x00000000c1f00000| Untracked 
|  32|0x00000000c2000000, 0x00000000c20ff040, 0x00000000c2100000| 99%| O|  |TAMS 0x00000000c20ff040, 0x00000000c2000000| Untracked 
|  33|0x00000000c2100000, 0x00000000c21fffd8, 0x00000000c2200000| 99%| O|  |TAMS 0x00000000c21fffd8, 0x00000000c2100000| Untracked 
|  34|0x00000000c2200000, 0x00000000c2300000, 0x00000000c2300000|100%| O|  |TAMS 0x00000000c2300000, 0x00000000c2200000| Untracked 
|  35|0x00000000c2300000, 0x00000000c23ffff0, 0x00000000c2400000| 99%| O|  |TAMS 0x00000000c23ffff0, 0x00000000c2300000| Untracked 
|  36|0x00000000c2400000, 0x00000000c24fffd0, 0x00000000c2500000| 99%| O|  |TAMS 0x00000000c24fffd0, 0x00000000c2400000| Untracked 
|  37|0x00000000c2500000, 0x00000000c25ffff8, 0x00000000c2600000| 99%| O|  |TAMS 0x00000000c25ffff8, 0x00000000c2500000| Untracked 
|  38|0x00000000c2600000, 0x00000000c26fffd8, 0x00000000c2700000| 99%| O|  |TAMS 0x00000000c26fffd8, 0x00000000c2600000| Untracked 
|  39|0x00000000c2700000, 0x00000000c2800000, 0x00000000c2800000|100%| O|  |TAMS 0x00000000c2800000, 0x00000000c2700000| Untracked 
|  40|0x00000000c2800000, 0x00000000c28ffff8, 0x00000000c2900000| 99%| O|  |TAMS 0x00000000c28ffff8, 0x00000000c2800000| Untracked 
|  41|0x00000000c2900000, 0x00000000c29fffc8, 0x00000000c2a00000| 99%| O|  |TAMS 0x00000000c29fffc8, 0x00000000c2900000| Untracked 
|  42|0x00000000c2a00000, 0x00000000c2b00000, 0x00000000c2b00000|100%|HS|  |TAMS 0x00000000c2b00000, 0x00000000c2a00000| Untracked 
|  43|0x00000000c2b00000, 0x00000000c2bfffe8, 0x00000000c2c00000| 99%| O|  |TAMS 0x00000000c2bfffe8, 0x00000000c2b00000| Untracked 
|  44|0x00000000c2c00000, 0x00000000c2cf4d38, 0x00000000c2d00000| 95%| O|  |TAMS 0x00000000c2cf4d38, 0x00000000c2c00000| Untracked 
|  45|0x00000000c2d00000, 0x00000000c2dffff8, 0x00000000c2e00000| 99%| O|  |TAMS 0x00000000c2dffff8, 0x00000000c2d00000| Untracked 
|  46|0x00000000c2e00000, 0x00000000c2effff8, 0x00000000c2f00000| 99%| O|  |TAMS 0x00000000c2effff8, 0x00000000c2e00000| Untracked 
|  47|0x00000000c2f00000, 0x00000000c3000000, 0x00000000c3000000|100%| O|  |TAMS 0x00000000c3000000, 0x00000000c2f00000| Untracked 
|  48|0x00000000c3000000, 0x00000000c30fd310, 0x00000000c3100000| 98%| O|  |TAMS 0x00000000c30fd310, 0x00000000c3000000| Untracked 
|  49|0x00000000c3100000, 0x00000000c31fffb8, 0x00000000c3200000| 99%| O|  |TAMS 0x00000000c31fffb8, 0x00000000c3100000| Untracked 
|  50|0x00000000c3200000, 0x00000000c32fffe0, 0x00000000c3300000| 99%| O|  |TAMS 0x00000000c32fffe0, 0x00000000c3200000| Untracked 
|  51|0x00000000c3300000, 0x00000000c33f2cb0, 0x00000000c3400000| 94%| O|  |TAMS 0x00000000c3300000, 0x00000000c3300000| Untracked 
|  52|0x00000000c3400000, 0x00000000c34fffd8, 0x00000000c3500000| 99%| O|  |TAMS 0x00000000c34fffd8, 0x00000000c3400000| Untracked 
|  53|0x00000000c3500000, 0x00000000c35ffff8, 0x00000000c3600000| 99%| O|  |TAMS 0x00000000c35ffff8, 0x00000000c3500000| Untracked 
|  54|0x00000000c3600000, 0x00000000c36e7740, 0x00000000c3700000| 90%| O|  |TAMS 0x00000000c3600000, 0x00000000c3600000| Untracked 
|  55|0x00000000c3700000, 0x00000000c37934c0, 0x00000000c3800000| 57%| O|  |TAMS 0x00000000c3700000, 0x00000000c3700000| Untracked 
|  56|0x00000000c3800000, 0x00000000c380af50, 0x00000000c3900000|  4%| O|  |TAMS 0x00000000c3800000, 0x00000000c3800000| Untracked 
|  57|0x00000000c3900000, 0x00000000c3900000, 0x00000000c3a00000|  0%| F|  |TAMS 0x00000000c3900000, 0x00000000c3900000| Untracked 
|  58|0x00000000c3a00000, 0x00000000c3afff88, 0x00000000c3b00000| 99%| O|  |TAMS 0x00000000c3afff88, 0x00000000c3a00000| Untracked 
|  59|0x00000000c3b00000, 0x00000000c3b00000, 0x00000000c3c00000|  0%| F|  |TAMS 0x00000000c3b00000, 0x00000000c3b00000| Untracked 
|  60|0x00000000c3c00000, 0x00000000c3c00000, 0x00000000c3d00000|  0%| F|  |TAMS 0x00000000c3c00000, 0x00000000c3c00000| Untracked 
|  61|0x00000000c3d00000, 0x00000000c3d00000, 0x00000000c3e00000|  0%| F|  |TAMS 0x00000000c3d00000, 0x00000000c3d00000| Untracked 
|  62|0x00000000c3e00000, 0x00000000c3e00000, 0x00000000c3f00000|  0%| F|  |TAMS 0x00000000c3e00000, 0x00000000c3e00000| Untracked 
|  63|0x00000000c3f00000, 0x00000000c3f00000, 0x00000000c4000000|  0%| F|  |TAMS 0x00000000c3f00000, 0x00000000c3f00000| Untracked 
|  64|0x00000000c4000000, 0x00000000c4000000, 0x00000000c4100000|  0%| F|  |TAMS 0x00000000c4000000, 0x00000000c4000000| Untracked 
|  65|0x00000000c4100000, 0x00000000c4100000, 0x00000000c4200000|  0%| F|  |TAMS 0x00000000c4100000, 0x00000000c4100000| Untracked 
|  66|0x00000000c4200000, 0x00000000c4300000, 0x00000000c4300000|100%|HS|  |TAMS 0x00000000c4300000, 0x00000000c4200000| Untracked 
|  67|0x00000000c4300000, 0x00000000c4400000, 0x00000000c4400000|100%|HC|  |TAMS 0x00000000c4400000, 0x00000000c4300000| Untracked 
|  68|0x00000000c4400000, 0x00000000c4500000, 0x00000000c4500000|100%|HS|  |TAMS 0x00000000c4500000, 0x00000000c4400000| Untracked 
|  69|0x00000000c4500000, 0x00000000c4500000, 0x00000000c4600000|  0%| F|  |TAMS 0x00000000c4500000, 0x00000000c4500000| Untracked 
|  70|0x00000000c4600000, 0x00000000c4600000, 0x00000000c4700000|  0%| F|  |TAMS 0x00000000c4600000, 0x00000000c4600000| Untracked 
|  71|0x00000000c4700000, 0x00000000c4700000, 0x00000000c4800000|  0%| F|  |TAMS 0x00000000c4700000, 0x00000000c4700000| Untracked 
|  72|0x00000000c4800000, 0x00000000c4900000, 0x00000000c4900000|100%| O|  |TAMS 0x00000000c4900000, 0x00000000c4800000| Untracked 
|  73|0x00000000c4900000, 0x00000000c4900000, 0x00000000c4a00000|  0%| F|  |TAMS 0x00000000c4900000, 0x00000000c4900000| Untracked 
|  74|0x00000000c4a00000, 0x00000000c4affb78, 0x00000000c4b00000| 99%| O|  |TAMS 0x00000000c4affb78, 0x00000000c4a00000| Untracked 
|  75|0x00000000c4b00000, 0x00000000c4b00000, 0x00000000c4c00000|  0%| F|  |TAMS 0x00000000c4b00000, 0x00000000c4b00000| Untracked 
|  76|0x00000000c4c00000, 0x00000000c4c00000, 0x00000000c4d00000|  0%| F|  |TAMS 0x00000000c4c00000, 0x00000000c4c00000| Untracked 
|  77|0x00000000c4d00000, 0x00000000c4d00000, 0x00000000c4e00000|  0%| F|  |TAMS 0x00000000c4d00000, 0x00000000c4d00000| Untracked 
|  78|0x00000000c4e00000, 0x00000000c4e00000, 0x00000000c4f00000|  0%| F|  |TAMS 0x00000000c4e00000, 0x00000000c4e00000| Untracked 
|  79|0x00000000c4f00000, 0x00000000c4f00000, 0x00000000c5000000|  0%| F|  |TAMS 0x00000000c4f00000, 0x00000000c4f00000| Untracked 
|  80|0x00000000c5000000, 0x00000000c5000000, 0x00000000c5100000|  0%| F|  |TAMS 0x00000000c5000000, 0x00000000c5000000| Untracked 
|  81|0x00000000c5100000, 0x00000000c5100000, 0x00000000c5200000|  0%| F|  |TAMS 0x00000000c5100000, 0x00000000c5100000| Untracked 
|  82|0x00000000c5200000, 0x00000000c5200000, 0x00000000c5300000|  0%| F|  |TAMS 0x00000000c5200000, 0x00000000c5200000| Untracked 
|  83|0x00000000c5300000, 0x00000000c5300000, 0x00000000c5400000|  0%| F|  |TAMS 0x00000000c5300000, 0x00000000c5300000| Untracked 
|  84|0x00000000c5400000, 0x00000000c5400000, 0x00000000c5500000|  0%| F|  |TAMS 0x00000000c5400000, 0x00000000c5400000| Untracked 
|  85|0x00000000c5500000, 0x00000000c5500000, 0x00000000c5600000|  0%| F|  |TAMS 0x00000000c5500000, 0x00000000c5500000| Untracked 
|  86|0x00000000c5600000, 0x00000000c5600000, 0x00000000c5700000|  0%| F|  |TAMS 0x00000000c5600000, 0x00000000c5600000| Untracked 
|  87|0x00000000c5700000, 0x00000000c5700000, 0x00000000c5800000|  0%| F|  |TAMS 0x00000000c5700000, 0x00000000c5700000| Untracked 
|  88|0x00000000c5800000, 0x00000000c5800000, 0x00000000c5900000|  0%| F|  |TAMS 0x00000000c5800000, 0x00000000c5800000| Untracked 
|  89|0x00000000c5900000, 0x00000000c5900000, 0x00000000c5a00000|  0%| F|  |TAMS 0x00000000c5900000, 0x00000000c5900000| Untracked 
|  90|0x00000000c5a00000, 0x00000000c5a00000, 0x00000000c5b00000|  0%| F|  |TAMS 0x00000000c5a00000, 0x00000000c5a00000| Untracked 
|  91|0x00000000c5b00000, 0x00000000c5b00000, 0x00000000c5c00000|  0%| F|  |TAMS 0x00000000c5b00000, 0x00000000c5b00000| Untracked 
|  92|0x00000000c5c00000, 0x00000000c5c00000, 0x00000000c5d00000|  0%| F|  |TAMS 0x00000000c5c00000, 0x00000000c5c00000| Untracked 
|  93|0x00000000c5d00000, 0x00000000c5e00000, 0x00000000c5e00000|100%| O|  |TAMS 0x00000000c5e00000, 0x00000000c5d00000| Untracked 
|  94|0x00000000c5e00000, 0x00000000c5e00000, 0x00000000c5f00000|  0%| F|  |TAMS 0x00000000c5e00000, 0x00000000c5e00000| Untracked 
|  95|0x00000000c5f00000, 0x00000000c5f00000, 0x00000000c6000000|  0%| F|  |TAMS 0x00000000c5f00000, 0x00000000c5f00000| Untracked 
|  96|0x00000000c6000000, 0x00000000c6000000, 0x00000000c6100000|  0%| F|  |TAMS 0x00000000c6000000, 0x00000000c6000000| Untracked 
|  97|0x00000000c6100000, 0x00000000c6100000, 0x00000000c6200000|  0%| F|  |TAMS 0x00000000c6100000, 0x00000000c6100000| Untracked 
|  98|0x00000000c6200000, 0x00000000c6300000, 0x00000000c6300000|100%| O|  |TAMS 0x00000000c6300000, 0x00000000c6200000| Untracked 
|  99|0x00000000c6300000, 0x00000000c6300000, 0x00000000c6400000|  0%| F|  |TAMS 0x00000000c6300000, 0x00000000c6300000| Untracked 
| 100|0x00000000c6400000, 0x00000000c6500000, 0x00000000c6500000|100%| O|  |TAMS 0x00000000c6500000, 0x00000000c6400000| Untracked 
| 101|0x00000000c6500000, 0x00000000c6600000, 0x00000000c6600000|100%| O|  |TAMS 0x00000000c6600000, 0x00000000c6500000| Untracked 
| 102|0x00000000c6600000, 0x00000000c6600000, 0x00000000c6700000|  0%| F|  |TAMS 0x00000000c6600000, 0x00000000c6600000| Untracked 
| 103|0x00000000c6700000, 0x00000000c6800000, 0x00000000c6800000|100%| O|  |TAMS 0x00000000c6800000, 0x00000000c6700000| Untracked 
| 104|0x00000000c6800000, 0x00000000c6800000, 0x00000000c6900000|  0%| F|  |TAMS 0x00000000c6800000, 0x00000000c6800000| Untracked 
| 105|0x00000000c6900000, 0x00000000c6a00000, 0x00000000c6a00000|100%| O|  |TAMS 0x00000000c6a00000, 0x00000000c6900000| Untracked 
| 106|0x00000000c6a00000, 0x00000000c6b00000, 0x00000000c6b00000|100%| O|  |TAMS 0x00000000c6b00000, 0x00000000c6a00000| Untracked 
| 107|0x00000000c6b00000, 0x00000000c6c00000, 0x00000000c6c00000|100%| O|  |TAMS 0x00000000c6c00000, 0x00000000c6b00000| Untracked 
| 108|0x00000000c6c00000, 0x00000000c6c00000, 0x00000000c6d00000|  0%| F|  |TAMS 0x00000000c6c00000, 0x00000000c6c00000| Untracked 
| 109|0x00000000c6d00000, 0x00000000c6e00000, 0x00000000c6e00000|100%| O|  |TAMS 0x00000000c6e00000, 0x00000000c6d00000| Untracked 
| 110|0x00000000c6e00000, 0x00000000c6f00000, 0x00000000c6f00000|100%| O|  |TAMS 0x00000000c6f00000, 0x00000000c6e00000| Untracked 
| 111|0x00000000c6f00000, 0x00000000c7000000, 0x00000000c7000000|100%| O|  |TAMS 0x00000000c7000000, 0x00000000c6f00000| Untracked 
| 112|0x00000000c7000000, 0x00000000c7100000, 0x00000000c7100000|100%| O|  |TAMS 0x00000000c7100000, 0x00000000c7000000| Untracked 
| 113|0x00000000c7100000, 0x00000000c7200000, 0x00000000c7200000|100%| O|  |TAMS 0x00000000c7200000, 0x00000000c7100000| Untracked 
| 114|0x00000000c7200000, 0x00000000c7300000, 0x00000000c7300000|100%| O|  |TAMS 0x00000000c7300000, 0x00000000c7200000| Untracked 
| 115|0x00000000c7300000, 0x00000000c7400000, 0x00000000c7400000|100%| O|  |TAMS 0x00000000c7400000, 0x00000000c7300000| Untracked 
| 116|0x00000000c7400000, 0x00000000c7400000, 0x00000000c7500000|  0%| F|  |TAMS 0x00000000c7400000, 0x00000000c7400000| Untracked 
| 117|0x00000000c7500000, 0x00000000c7500000, 0x00000000c7600000|  0%| F|  |TAMS 0x00000000c7500000, 0x00000000c7500000| Untracked 
| 118|0x00000000c7600000, 0x00000000c7600000, 0x00000000c7700000|  0%| F|  |TAMS 0x00000000c7600000, 0x00000000c7600000| Untracked 
| 119|0x00000000c7700000, 0x00000000c7700000, 0x00000000c7800000|  0%| F|  |TAMS 0x00000000c7700000, 0x00000000c7700000| Untracked 
| 120|0x00000000c7800000, 0x00000000c7800000, 0x00000000c7900000|  0%| F|  |TAMS 0x00000000c7800000, 0x00000000c7800000| Untracked 
| 121|0x00000000c7900000, 0x00000000c7900000, 0x00000000c7a00000|  0%| F|  |TAMS 0x00000000c7900000, 0x00000000c7900000| Untracked 
| 122|0x00000000c7a00000, 0x00000000c7a00000, 0x00000000c7b00000|  0%| F|  |TAMS 0x00000000c7a00000, 0x00000000c7a00000| Untracked 
| 123|0x00000000c7b00000, 0x00000000c7b00000, 0x00000000c7c00000|  0%| F|  |TAMS 0x00000000c7b00000, 0x00000000c7b00000| Untracked 
| 124|0x00000000c7c00000, 0x00000000c7c00000, 0x00000000c7d00000|  0%| F|  |TAMS 0x00000000c7c00000, 0x00000000c7c00000| Untracked 
| 125|0x00000000c7d00000, 0x00000000c7d00000, 0x00000000c7e00000|  0%| F|  |TAMS 0x00000000c7d00000, 0x00000000c7d00000| Untracked 
| 126|0x00000000c7e00000, 0x00000000c7e00000, 0x00000000c7f00000|  0%| F|  |TAMS 0x00000000c7e00000, 0x00000000c7e00000| Untracked 
| 127|0x00000000c7f00000, 0x00000000c7f00000, 0x00000000c8000000|  0%| F|  |TAMS 0x00000000c7f00000, 0x00000000c7f00000| Untracked 
| 128|0x00000000c8000000, 0x00000000c8000000, 0x00000000c8100000|  0%| F|  |TAMS 0x00000000c8000000, 0x00000000c8000000| Untracked 
| 129|0x00000000c8100000, 0x00000000c8100000, 0x00000000c8200000|  0%| F|  |TAMS 0x00000000c8100000, 0x00000000c8100000| Untracked 
| 130|0x00000000c8200000, 0x00000000c8200000, 0x00000000c8300000|  0%| F|  |TAMS 0x00000000c8200000, 0x00000000c8200000| Untracked 
| 131|0x00000000c8300000, 0x00000000c8300000, 0x00000000c8400000|  0%| F|  |TAMS 0x00000000c8300000, 0x00000000c8300000| Untracked 
| 132|0x00000000c8400000, 0x00000000c8400000, 0x00000000c8500000|  0%| F|  |TAMS 0x00000000c8400000, 0x00000000c8400000| Untracked 
| 133|0x00000000c8500000, 0x00000000c8500000, 0x00000000c8600000|  0%| F|  |TAMS 0x00000000c8500000, 0x00000000c8500000| Untracked 
| 134|0x00000000c8600000, 0x00000000c8600000, 0x00000000c8700000|  0%| F|  |TAMS 0x00000000c8600000, 0x00000000c8600000| Untracked 
| 135|0x00000000c8700000, 0x00000000c8700000, 0x00000000c8800000|  0%| F|  |TAMS 0x00000000c8700000, 0x00000000c8700000| Untracked 
| 136|0x00000000c8800000, 0x00000000c8800000, 0x00000000c8900000|  0%| F|  |TAMS 0x00000000c8800000, 0x00000000c8800000| Untracked 
| 137|0x00000000c8900000, 0x00000000c8900000, 0x00000000c8a00000|  0%| F|  |TAMS 0x00000000c8900000, 0x00000000c8900000| Untracked 
| 138|0x00000000c8a00000, 0x00000000c8a00000, 0x00000000c8b00000|  0%| F|  |TAMS 0x00000000c8a00000, 0x00000000c8a00000| Untracked 
| 139|0x00000000c8b00000, 0x00000000c8b00000, 0x00000000c8c00000|  0%| F|  |TAMS 0x00000000c8b00000, 0x00000000c8b00000| Untracked 
| 140|0x00000000c8c00000, 0x00000000c8c00000, 0x00000000c8d00000|  0%| F|  |TAMS 0x00000000c8c00000, 0x00000000c8c00000| Untracked 
| 141|0x00000000c8d00000, 0x00000000c8d00000, 0x00000000c8e00000|  0%| F|  |TAMS 0x00000000c8d00000, 0x00000000c8d00000| Untracked 
| 142|0x00000000c8e00000, 0x00000000c8e00000, 0x00000000c8f00000|  0%| F|  |TAMS 0x00000000c8e00000, 0x00000000c8e00000| Untracked 
| 143|0x00000000c8f00000, 0x00000000c8f00000, 0x00000000c9000000|  0%| F|  |TAMS 0x00000000c8f00000, 0x00000000c8f00000| Untracked 
| 144|0x00000000c9000000, 0x00000000c9000000, 0x00000000c9100000|  0%| F|  |TAMS 0x00000000c9000000, 0x00000000c9000000| Untracked 
| 145|0x00000000c9100000, 0x00000000c9100000, 0x00000000c9200000|  0%| F|  |TAMS 0x00000000c9100000, 0x00000000c9100000| Untracked 
| 146|0x00000000c9200000, 0x00000000c9200000, 0x00000000c9300000|  0%| F|  |TAMS 0x00000000c9200000, 0x00000000c9200000| Untracked 
| 147|0x00000000c9300000, 0x00000000c9300000, 0x00000000c9400000|  0%| F|  |TAMS 0x00000000c9300000, 0x00000000c9300000| Untracked 
| 148|0x00000000c9400000, 0x00000000c9400000, 0x00000000c9500000|  0%| F|  |TAMS 0x00000000c9400000, 0x00000000c9400000| Untracked 
| 149|0x00000000c9500000, 0x00000000c9500000, 0x00000000c9600000|  0%| F|  |TAMS 0x00000000c9500000, 0x00000000c9500000| Untracked 
| 150|0x00000000c9600000, 0x00000000c9600000, 0x00000000c9700000|  0%| F|  |TAMS 0x00000000c9600000, 0x00000000c9600000| Untracked 
| 151|0x00000000c9700000, 0x00000000c9700000, 0x00000000c9800000|  0%| F|  |TAMS 0x00000000c9700000, 0x00000000c9700000| Untracked 
| 152|0x00000000c9800000, 0x00000000c9800000, 0x00000000c9900000|  0%| F|  |TAMS 0x00000000c9800000, 0x00000000c9800000| Untracked 
| 153|0x00000000c9900000, 0x00000000c9900000, 0x00000000c9a00000|  0%| F|  |TAMS 0x00000000c9900000, 0x00000000c9900000| Untracked 
| 154|0x00000000c9a00000, 0x00000000c9a00000, 0x00000000c9b00000|  0%| F|  |TAMS 0x00000000c9a00000, 0x00000000c9a00000| Untracked 
| 155|0x00000000c9b00000, 0x00000000c9b00000, 0x00000000c9c00000|  0%| F|  |TAMS 0x00000000c9b00000, 0x00000000c9b00000| Untracked 
| 156|0x00000000c9c00000, 0x00000000c9c00000, 0x00000000c9d00000|  0%| F|  |TAMS 0x00000000c9c00000, 0x00000000c9c00000| Untracked 
| 157|0x00000000c9d00000, 0x00000000c9d00000, 0x00000000c9e00000|  0%| F|  |TAMS 0x00000000c9d00000, 0x00000000c9d00000| Untracked 
| 158|0x00000000c9e00000, 0x00000000c9e00000, 0x00000000c9f00000|  0%| F|  |TAMS 0x00000000c9e00000, 0x00000000c9e00000| Untracked 
| 159|0x00000000c9f00000, 0x00000000c9f00000, 0x00000000ca000000|  0%| F|  |TAMS 0x00000000c9f00000, 0x00000000c9f00000| Untracked 
| 160|0x00000000ca000000, 0x00000000ca000000, 0x00000000ca100000|  0%| F|  |TAMS 0x00000000ca000000, 0x00000000ca000000| Untracked 
| 161|0x00000000ca100000, 0x00000000ca100000, 0x00000000ca200000|  0%| F|  |TAMS 0x00000000ca100000, 0x00000000ca100000| Untracked 
| 162|0x00000000ca200000, 0x00000000ca200000, 0x00000000ca300000|  0%| F|  |TAMS 0x00000000ca200000, 0x00000000ca200000| Untracked 
| 163|0x00000000ca300000, 0x00000000ca300000, 0x00000000ca400000|  0%| F|  |TAMS 0x00000000ca300000, 0x00000000ca300000| Untracked 
| 164|0x00000000ca400000, 0x00000000ca400000, 0x00000000ca500000|  0%| F|  |TAMS 0x00000000ca400000, 0x00000000ca400000| Untracked 
| 165|0x00000000ca500000, 0x00000000ca500000, 0x00000000ca600000|  0%| F|  |TAMS 0x00000000ca500000, 0x00000000ca500000| Untracked 
| 166|0x00000000ca600000, 0x00000000ca600000, 0x00000000ca700000|  0%| F|  |TAMS 0x00000000ca600000, 0x00000000ca600000| Untracked 
| 167|0x00000000ca700000, 0x00000000ca700000, 0x00000000ca800000|  0%| F|  |TAMS 0x00000000ca700000, 0x00000000ca700000| Untracked 
| 168|0x00000000ca800000, 0x00000000ca800000, 0x00000000ca900000|  0%| F|  |TAMS 0x00000000ca800000, 0x00000000ca800000| Untracked 
| 169|0x00000000ca900000, 0x00000000ca900000, 0x00000000caa00000|  0%| F|  |TAMS 0x00000000ca900000, 0x00000000ca900000| Untracked 
| 170|0x00000000caa00000, 0x00000000caa00000, 0x00000000cab00000|  0%| F|  |TAMS 0x00000000caa00000, 0x00000000caa00000| Untracked 
| 171|0x00000000cab00000, 0x00000000cab00000, 0x00000000cac00000|  0%| F|  |TAMS 0x00000000cab00000, 0x00000000cab00000| Untracked 
| 172|0x00000000cac00000, 0x00000000cac00000, 0x00000000cad00000|  0%| F|  |TAMS 0x00000000cac00000, 0x00000000cac00000| Untracked 
| 173|0x00000000cad00000, 0x00000000cad00000, 0x00000000cae00000|  0%| F|  |TAMS 0x00000000cad00000, 0x00000000cad00000| Untracked 
| 174|0x00000000cae00000, 0x00000000cae00000, 0x00000000caf00000|  0%| F|  |TAMS 0x00000000cae00000, 0x00000000cae00000| Untracked 
| 175|0x00000000caf00000, 0x00000000caf00000, 0x00000000cb000000|  0%| F|  |TAMS 0x00000000caf00000, 0x00000000caf00000| Untracked 
| 176|0x00000000cb000000, 0x00000000cb000000, 0x00000000cb100000|  0%| F|  |TAMS 0x00000000cb000000, 0x00000000cb000000| Untracked 
| 177|0x00000000cb100000, 0x00000000cb100000, 0x00000000cb200000|  0%| F|  |TAMS 0x00000000cb100000, 0x00000000cb100000| Untracked 
| 178|0x00000000cb200000, 0x00000000cb200000, 0x00000000cb300000|  0%| F|  |TAMS 0x00000000cb200000, 0x00000000cb200000| Untracked 
| 179|0x00000000cb300000, 0x00000000cb300000, 0x00000000cb400000|  0%| F|  |TAMS 0x00000000cb300000, 0x00000000cb300000| Untracked 
| 180|0x00000000cb400000, 0x00000000cb400000, 0x00000000cb500000|  0%| F|  |TAMS 0x00000000cb400000, 0x00000000cb400000| Untracked 
| 181|0x00000000cb500000, 0x00000000cb500000, 0x00000000cb600000|  0%| F|  |TAMS 0x00000000cb500000, 0x00000000cb500000| Untracked 
| 182|0x00000000cb600000, 0x00000000cb600000, 0x00000000cb700000|  0%| F|  |TAMS 0x00000000cb600000, 0x00000000cb600000| Untracked 
| 183|0x00000000cb700000, 0x00000000cb700000, 0x00000000cb800000|  0%| F|  |TAMS 0x00000000cb700000, 0x00000000cb700000| Untracked 
| 184|0x00000000cb800000, 0x00000000cb800000, 0x00000000cb900000|  0%| F|  |TAMS 0x00000000cb800000, 0x00000000cb800000| Untracked 
| 185|0x00000000cb900000, 0x00000000cb900000, 0x00000000cba00000|  0%| F|  |TAMS 0x00000000cb900000, 0x00000000cb900000| Untracked 
| 186|0x00000000cba00000, 0x00000000cba00000, 0x00000000cbb00000|  0%| F|  |TAMS 0x00000000cba00000, 0x00000000cba00000| Untracked 
| 187|0x00000000cbb00000, 0x00000000cbb00000, 0x00000000cbc00000|  0%| F|  |TAMS 0x00000000cbb00000, 0x00000000cbb00000| Untracked 
| 188|0x00000000cbc00000, 0x00000000cbc00000, 0x00000000cbd00000|  0%| F|  |TAMS 0x00000000cbc00000, 0x00000000cbc00000| Untracked 
| 189|0x00000000cbd00000, 0x00000000cbd00000, 0x00000000cbe00000|  0%| F|  |TAMS 0x00000000cbd00000, 0x00000000cbd00000| Untracked 
| 190|0x00000000cbe00000, 0x00000000cbe00000, 0x00000000cbf00000|  0%| F|  |TAMS 0x00000000cbe00000, 0x00000000cbe00000| Untracked 
| 191|0x00000000cbf00000, 0x00000000cbf00000, 0x00000000cc000000|  0%| F|  |TAMS 0x00000000cbf00000, 0x00000000cbf00000| Untracked 
| 192|0x00000000cc000000, 0x00000000cc000000, 0x00000000cc100000|  0%| F|  |TAMS 0x00000000cc000000, 0x00000000cc000000| Untracked 
| 193|0x00000000cc100000, 0x00000000cc100000, 0x00000000cc200000|  0%| F|  |TAMS 0x00000000cc100000, 0x00000000cc100000| Untracked 
| 194|0x00000000cc200000, 0x00000000cc200000, 0x00000000cc300000|  0%| F|  |TAMS 0x00000000cc200000, 0x00000000cc200000| Untracked 
| 195|0x00000000cc300000, 0x00000000cc300000, 0x00000000cc400000|  0%| F|  |TAMS 0x00000000cc300000, 0x00000000cc300000| Untracked 
| 196|0x00000000cc400000, 0x00000000cc400000, 0x00000000cc500000|  0%| F|  |TAMS 0x00000000cc400000, 0x00000000cc400000| Untracked 
| 197|0x00000000cc500000, 0x00000000cc500000, 0x00000000cc600000|  0%| F|  |TAMS 0x00000000cc500000, 0x00000000cc500000| Untracked 
| 198|0x00000000cc600000, 0x00000000cc600000, 0x00000000cc700000|  0%| F|  |TAMS 0x00000000cc600000, 0x00000000cc600000| Untracked 
| 199|0x00000000cc700000, 0x00000000cc700000, 0x00000000cc800000|  0%| F|  |TAMS 0x00000000cc700000, 0x00000000cc700000| Untracked 
| 200|0x00000000cc800000, 0x00000000cc800000, 0x00000000cc900000|  0%| F|  |TAMS 0x00000000cc800000, 0x00000000cc800000| Untracked 
| 201|0x00000000cc900000, 0x00000000cc900000, 0x00000000cca00000|  0%| F|  |TAMS 0x00000000cc900000, 0x00000000cc900000| Untracked 
| 202|0x00000000cca00000, 0x00000000cca00000, 0x00000000ccb00000|  0%| F|  |TAMS 0x00000000cca00000, 0x00000000cca00000| Untracked 
| 203|0x00000000ccb00000, 0x00000000ccb00000, 0x00000000ccc00000|  0%| F|  |TAMS 0x00000000ccb00000, 0x00000000ccb00000| Untracked 
| 204|0x00000000ccc00000, 0x00000000ccc00000, 0x00000000ccd00000|  0%| F|  |TAMS 0x00000000ccc00000, 0x00000000ccc00000| Untracked 
| 205|0x00000000ccd00000, 0x00000000ccd00000, 0x00000000cce00000|  0%| F|  |TAMS 0x00000000ccd00000, 0x00000000ccd00000| Untracked 
| 206|0x00000000cce00000, 0x00000000cce00000, 0x00000000ccf00000|  0%| F|  |TAMS 0x00000000cce00000, 0x00000000cce00000| Untracked 
| 207|0x00000000ccf00000, 0x00000000ccf00000, 0x00000000cd000000|  0%| F|  |TAMS 0x00000000ccf00000, 0x00000000ccf00000| Untracked 
| 208|0x00000000cd000000, 0x00000000cd000000, 0x00000000cd100000|  0%| F|  |TAMS 0x00000000cd000000, 0x00000000cd000000| Untracked 
| 209|0x00000000cd100000, 0x00000000cd100000, 0x00000000cd200000|  0%| F|  |TAMS 0x00000000cd100000, 0x00000000cd100000| Untracked 
| 210|0x00000000cd200000, 0x00000000cd200000, 0x00000000cd300000|  0%| F|  |TAMS 0x00000000cd200000, 0x00000000cd200000| Untracked 
| 211|0x00000000cd300000, 0x00000000cd300000, 0x00000000cd400000|  0%| F|  |TAMS 0x00000000cd300000, 0x00000000cd300000| Untracked 
| 212|0x00000000cd400000, 0x00000000cd400000, 0x00000000cd500000|  0%| F|  |TAMS 0x00000000cd400000, 0x00000000cd400000| Untracked 
| 213|0x00000000cd500000, 0x00000000cd500000, 0x00000000cd600000|  0%| F|  |TAMS 0x00000000cd500000, 0x00000000cd500000| Untracked 
| 214|0x00000000cd600000, 0x00000000cd600000, 0x00000000cd700000|  0%| F|  |TAMS 0x00000000cd600000, 0x00000000cd600000| Untracked 
| 215|0x00000000cd700000, 0x00000000cd700000, 0x00000000cd800000|  0%| F|  |TAMS 0x00000000cd700000, 0x00000000cd700000| Untracked 
| 216|0x00000000cd800000, 0x00000000cd800000, 0x00000000cd900000|  0%| F|  |TAMS 0x00000000cd800000, 0x00000000cd800000| Untracked 
| 217|0x00000000cd900000, 0x00000000cd900000, 0x00000000cda00000|  0%| F|  |TAMS 0x00000000cd900000, 0x00000000cd900000| Untracked 
| 218|0x00000000cda00000, 0x00000000cda00000, 0x00000000cdb00000|  0%| F|  |TAMS 0x00000000cda00000, 0x00000000cda00000| Untracked 
| 219|0x00000000cdb00000, 0x00000000cdb00000, 0x00000000cdc00000|  0%| F|  |TAMS 0x00000000cdb00000, 0x00000000cdb00000| Untracked 
| 220|0x00000000cdc00000, 0x00000000cdc00000, 0x00000000cdd00000|  0%| F|  |TAMS 0x00000000cdc00000, 0x00000000cdc00000| Untracked 
| 221|0x00000000cdd00000, 0x00000000cdd00000, 0x00000000cde00000|  0%| F|  |TAMS 0x00000000cdd00000, 0x00000000cdd00000| Untracked 
| 222|0x00000000cde00000, 0x00000000cde00000, 0x00000000cdf00000|  0%| F|  |TAMS 0x00000000cde00000, 0x00000000cde00000| Untracked 
| 223|0x00000000cdf00000, 0x00000000cdf00000, 0x00000000ce000000|  0%| F|  |TAMS 0x00000000cdf00000, 0x00000000cdf00000| Untracked 
| 224|0x00000000ce000000, 0x00000000ce000000, 0x00000000ce100000|  0%| F|  |TAMS 0x00000000ce000000, 0x00000000ce000000| Untracked 
| 225|0x00000000ce100000, 0x00000000ce100000, 0x00000000ce200000|  0%| F|  |TAMS 0x00000000ce100000, 0x00000000ce100000| Untracked 
| 226|0x00000000ce200000, 0x00000000ce200000, 0x00000000ce300000|  0%| F|  |TAMS 0x00000000ce200000, 0x00000000ce200000| Untracked 
| 227|0x00000000ce300000, 0x00000000ce300000, 0x00000000ce400000|  0%| F|  |TAMS 0x00000000ce300000, 0x00000000ce300000| Untracked 
| 228|0x00000000ce400000, 0x00000000ce400000, 0x00000000ce500000|  0%| F|  |TAMS 0x00000000ce400000, 0x00000000ce400000| Untracked 
| 229|0x00000000ce500000, 0x00000000ce500000, 0x00000000ce600000|  0%| F|  |TAMS 0x00000000ce500000, 0x00000000ce500000| Untracked 
| 230|0x00000000ce600000, 0x00000000ce600000, 0x00000000ce700000|  0%| F|  |TAMS 0x00000000ce600000, 0x00000000ce600000| Untracked 
| 231|0x00000000ce700000, 0x00000000ce700000, 0x00000000ce800000|  0%| F|  |TAMS 0x00000000ce700000, 0x00000000ce700000| Untracked 
| 232|0x00000000ce800000, 0x00000000ce800000, 0x00000000ce900000|  0%| F|  |TAMS 0x00000000ce800000, 0x00000000ce800000| Untracked 
| 233|0x00000000ce900000, 0x00000000ce9060d0, 0x00000000cea00000|  2%| E|  |TAMS 0x00000000ce900000, 0x00000000ce900000| Complete 

Card table byte_map: [0x000001ebd35a0000,0x000001ebd37a0000] _byte_map_base: 0x000001ebd2fa0000

Marking Bits (Prev, Next): (CMBitMap*) 0x000001ebcd4403d0, (CMBitMap*) 0x000001ebcd440390
 Prev Bits: [0x000001ebd49a0000, 0x000001ebd59a0000)
 Next Bits: [0x000001ebd39a0000, 0x000001ebd49a0000)

Polling page: 0x000001ebcb170000

Metaspace:

Usage:
  Non-class:     60.11 MB used.
      Class:      9.48 MB used.
       Both:     69.58 MB used.

Virtual space:
  Non-class space:       64.00 MB reserved,      60.38 MB ( 94%) committed,  8 nodes.
      Class space:        1.00 GB reserved,       9.69 MB ( <1%) committed,  1 nodes.
             Both:        1.06 GB reserved,      70.06 MB (  6%) committed. 

Chunk freelists:
   Non-Class:  3.57 MB
       Class:  2.35 MB
        Both:  5.92 MB

MaxMetaspaceSize: unlimited
CompressedClassSpaceSize: 1.00 GB
Initial GC threshold: 21.00 MB
Current GC threshold: 116.69 MB
CDS: off
MetaspaceReclaimPolicy: balanced
 - commit_granule_bytes: 65536.
 - commit_granule_words: 8192.
 - virtual_space_node_default_size: 1048576.
 - enlarge_chunks_in_place: 1.
 - new_chunks_are_fully_committed: 0.
 - uncommit_free_chunks: 1.
 - use_allocation_guard: 0.
 - handle_deallocations: 1.


Internal statistics:

num_allocs_failed_limit: 20.
num_arena_births: 880.
num_arena_deaths: 302.
num_vsnodes_births: 9.
num_vsnodes_deaths: 0.
num_space_committed: 1121.
num_space_uncommitted: 0.
num_chunks_returned_to_freelist: 388.
num_chunks_taken_from_freelist: 3373.
num_chunk_merges: 133.
num_chunk_splits: 2242.
num_chunks_enlarged: 1636.
num_purges: 24.
num_inconsistent_stats: 0.

CodeCache: size=49152Kb used=31456Kb max_used=31933Kb free=17695Kb
 bounds [0x000001ebd0070000, 0x000001ebd2000000, 0x000001ebd3070000]
 total_blobs=17077 nmethods=16384 adapters=617
 compilation: enabled
              stopped_count=0, restarted_count=0
 full_count=0

Compilation events (20 events):
Event: 3372.037 Thread 0x000001ebd9022e20 16747       1       com.sun.tools.javac.code.Types$4::visitErrorType (5 bytes)
Event: 3372.037 Thread 0x000001ebd9022e20 nmethod 16747 0x000001ebd1fb6c10 code [0x000001ebd1fb6da0, 0x000001ebd1fb6e78]
Event: 3381.590 Thread 0x000001ebd9022e20 16752       1       java.net.URI$Parser::parseHostname (206 bytes)
Event: 3381.597 Thread 0x000001ebd9022e20 nmethod 16752 0x000001ebd1fb5410 code [0x000001ebd1fb56e0, 0x000001ebd1fb6358]
Event: 3381.597 Thread 0x000001ebd9022e20 16748   !   1       java.net.URI$Parser::parseAuthority (257 bytes)
Event: 3381.598 Thread 0x000001ebd9022e20 nmethod 16748 0x000001ebd1fb4310 code [0x000001ebd1fb45a0, 0x000001ebd1fb4e38]
Event: 3381.598 Thread 0x000001ebd9022e20 16749   !   1       java.net.URI$Parser::parseServer (338 bytes)
Event: 3381.601 Thread 0x000001ebd9022e20 nmethod 16749 0x000001ebd1fb2690 code [0x000001ebd1fb2a00, 0x000001ebd1fb3938]
Event: 3381.601 Thread 0x000001ebd9022e20 16750   !   1       java.net.URI$Parser::parseIPv4Address (67 bytes)
Event: 3381.602 Thread 0x000001ebd9022e20 nmethod 16750 0x000001ebd1fb1e10 code [0x000001ebd1fb2000, 0x000001ebd1fb2418]
Event: 3381.602 Thread 0x000001ebd9022e20 16751       1       java.net.URI$Parser::scanIPv4Address (226 bytes)
Event: 3381.602 Thread 0x000001ebd9022e20 nmethod 16751 0x000001ebd1fb1090 code [0x000001ebd1fb12c0, 0x000001ebd1fb1958]
Event: 3382.450 Thread 0x000001ebd9022e20 16753       1       org.eclipse.jdt.internal.compiler.ast.LocalDeclaration::analyseCode (280 bytes)
Event: 3382.452 Thread 0x000001ebd9022e20 nmethod 16753 0x000001ebd1fb0290 code [0x000001ebd1fb04e0, 0x000001ebd1fb0af8]
Event: 3382.452 Thread 0x000001ebd9022e20 16754       1       org.eclipse.jdt.internal.compiler.ast.LocalDeclaration::generateCode (187 bytes)
Event: 3382.454 Thread 0x000001ebd9022e20 nmethod 16754 0x000001ebd1faf910 code [0x000001ebd1fafb20, 0x000001ebd1faff78]
Event: 3382.454 Thread 0x000001ebd9022e20 16755       1       org.eclipse.jdt.internal.compiler.codegen.CodeStream::store (442 bytes)
Event: 3382.455 Thread 0x000001ebd9022e20 nmethod 16755 0x000001ebd1fae710 code [0x000001ebd1faeac0, 0x000001ebd1faf458]
Event: 3390.966 Thread 0x000001ebd9022e20 16756       1       org.eclipse.jdt.internal.compiler.codegen.CodeStream::aload (198 bytes)
Event: 3390.966 Thread 0x000001ebd9022e20 nmethod 16756 0x000001ebd1fae090 code [0x000001ebd1fae260, 0x000001ebd1fae538]

GC Heap History (20 events):
Event: 3437.400 GC heap before
{Heap before GC invocations=660 (full 33):
 garbage-first heap   total 239616K, used 164611K [0x00000000c0000000, 0x0000000100000000)
  region size 1024K, 80 young (81920K), 1 survivors (1024K)
 Metaspace       used 71254K, committed 71744K, reserved 1114112K
  class space    used 9705K, committed 9920K, reserved 1048576K
}
Event: 3437.452 GC heap after
{Heap after GC invocations=661 (full 34):
 garbage-first heap   total 239616K, used 78809K [0x00000000c0000000, 0x0000000100000000)
  region size 1024K, 0 young (0K), 0 survivors (0K)
 Metaspace       used 71254K, committed 71744K, reserved 1114112K
  class space    used 9705K, committed 9920K, reserved 1048576K
}
Event: 3447.638 GC heap before
{Heap before GC invocations=661 (full 34):
 garbage-first heap   total 239616K, used 78809K [0x00000000c0000000, 0x0000000100000000)
  region size 1024K, 1 young (1024K), 0 survivors (0K)
 Metaspace       used 71254K, committed 71744K, reserved 1114112K
  class space    used 9705K, committed 9920K, reserved 1048576K
}
Event: 3447.719 GC heap after
{Heap after GC invocations=662 (full 35):
 garbage-first heap   total 239616K, used 78228K [0x00000000c0000000, 0x0000000100000000)
  region size 1024K, 0 young (0K), 0 survivors (0K)
 Metaspace       used 71254K, committed 71744K, reserved 1114112K
  class space    used 9705K, committed 9920K, reserved 1048576K
}
Event: 3457.845 GC heap before
{Heap before GC invocations=662 (full 35):
 garbage-first heap   total 239616K, used 78228K [0x00000000c0000000, 0x0000000100000000)
  region size 1024K, 1 young (1024K), 0 survivors (0K)
 Metaspace       used 71254K, committed 71744K, reserved 1114112K
  class space    used 9705K, committed 9920K, reserved 1048576K
}
Event: 3457.898 GC heap after
{Heap after GC invocations=663 (full 36):
 garbage-first heap   total 239616K, used 78228K [0x00000000c0000000, 0x0000000100000000)
  region size 1024K, 0 young (0K), 0 survivors (0K)
 Metaspace       used 71254K, committed 71744K, reserved 1114112K
  class space    used 9705K, committed 9920K, reserved 1048576K
}
Event: 3468.015 GC heap before
{Heap before GC invocations=663 (full 36):
 garbage-first heap   total 239616K, used 78228K [0x00000000c0000000, 0x0000000100000000)
  region size 1024K, 1 young (1024K), 0 survivors (0K)
 Metaspace       used 71254K, committed 71744K, reserved 1114112K
  class space    used 9705K, committed 9920K, reserved 1048576K
}
Event: 3468.064 GC heap after
{Heap after GC invocations=664 (full 37):
 garbage-first heap   total 239616K, used 78213K [0x00000000c0000000, 0x0000000100000000)
  region size 1024K, 0 young (0K), 0 survivors (0K)
 Metaspace       used 71254K, committed 71744K, reserved 1114112K
  class space    used 9705K, committed 9920K, reserved 1048576K
}
Event: 3478.193 GC heap before
{Heap before GC invocations=664 (full 37):
 garbage-first heap   total 239616K, used 78213K [0x00000000c0000000, 0x0000000100000000)
  region size 1024K, 1 young (1024K), 0 survivors (0K)
 Metaspace       used 71254K, committed 71744K, reserved 1114112K
  class space    used 9705K, committed 9920K, reserved 1048576K
}
Event: 3478.240 GC heap after
{Heap after GC invocations=665 (full 38):
 garbage-first heap   total 239616K, used 78213K [0x00000000c0000000, 0x0000000100000000)
  region size 1024K, 0 young (0K), 0 survivors (0K)
 Metaspace       used 71254K, committed 71744K, reserved 1114112K
  class space    used 9705K, committed 9920K, reserved 1048576K
}
Event: 3488.373 GC heap before
{Heap before GC invocations=665 (full 38):
 garbage-first heap   total 239616K, used 78213K [0x00000000c0000000, 0x0000000100000000)
  region size 1024K, 1 young (1024K), 0 survivors (0K)
 Metaspace       used 71254K, committed 71744K, reserved 1114112K
  class space    used 9705K, committed 9920K, reserved 1048576K
}
Event: 3488.421 GC heap after
{Heap after GC invocations=666 (full 39):
 garbage-first heap   total 239616K, used 78213K [0x00000000c0000000, 0x0000000100000000)
  region size 1024K, 0 young (0K), 0 survivors (0K)
 Metaspace       used 71254K, committed 71744K, reserved 1114112K
  class space    used 9705K, committed 9920K, reserved 1048576K
}
Event: 3498.545 GC heap before
{Heap before GC invocations=666 (full 39):
 garbage-first heap   total 239616K, used 78213K [0x00000000c0000000, 0x0000000100000000)
  region size 1024K, 1 young (1024K), 0 survivors (0K)
 Metaspace       used 71254K, committed 71744K, reserved 1114112K
  class space    used 9705K, committed 9920K, reserved 1048576K
}
Event: 3498.594 GC heap after
{Heap after GC invocations=667 (full 40):
 garbage-first heap   total 239616K, used 78213K [0x00000000c0000000, 0x0000000100000000)
  region size 1024K, 0 young (0K), 0 survivors (0K)
 Metaspace       used 71254K, committed 71744K, reserved 1114112K
  class space    used 9705K, committed 9920K, reserved 1048576K
}
Event: 3508.711 GC heap before
{Heap before GC invocations=667 (full 40):
 garbage-first heap   total 239616K, used 78213K [0x00000000c0000000, 0x0000000100000000)
  region size 1024K, 1 young (1024K), 0 survivors (0K)
 Metaspace       used 71254K, committed 71744K, reserved 1114112K
  class space    used 9705K, committed 9920K, reserved 1048576K
}
Event: 3508.760 GC heap after
{Heap after GC invocations=668 (full 41):
 garbage-first heap   total 239616K, used 78213K [0x00000000c0000000, 0x0000000100000000)
  region size 1024K, 0 young (0K), 0 survivors (0K)
 Metaspace       used 71254K, committed 71744K, reserved 1114112K
  class space    used 9705K, committed 9920K, reserved 1048576K
}
Event: 3518.883 GC heap before
{Heap before GC invocations=668 (full 41):
 garbage-first heap   total 239616K, used 78213K [0x00000000c0000000, 0x0000000100000000)
  region size 1024K, 1 young (1024K), 0 survivors (0K)
 Metaspace       used 71254K, committed 71744K, reserved 1114112K
  class space    used 9705K, committed 9920K, reserved 1048576K
}
Event: 3518.934 GC heap after
{Heap after GC invocations=669 (full 42):
 garbage-first heap   total 239616K, used 78213K [0x00000000c0000000, 0x0000000100000000)
  region size 1024K, 0 young (0K), 0 survivors (0K)
 Metaspace       used 71254K, committed 71744K, reserved 1114112K
  class space    used 9705K, committed 9920K, reserved 1048576K
}
Event: 3529.057 GC heap before
{Heap before GC invocations=669 (full 42):
 garbage-first heap   total 239616K, used 78213K [0x00000000c0000000, 0x0000000100000000)
  region size 1024K, 1 young (1024K), 0 survivors (0K)
 Metaspace       used 71254K, committed 71744K, reserved 1114112K
  class space    used 9705K, committed 9920K, reserved 1048576K
}
Event: 3529.106 GC heap after
{Heap after GC invocations=670 (full 43):
 garbage-first heap   total 239616K, used 78213K [0x00000000c0000000, 0x0000000100000000)
  region size 1024K, 0 young (0K), 0 survivors (0K)
 Metaspace       used 71254K, committed 71744K, reserved 1114112K
  class space    used 9705K, committed 9920K, reserved 1048576K
}

Dll operation events (10 events):
Event: 0.022 Loaded shared library c:\Users\sebas\.vscode\extensions\redhat.java-1.16.0-win32-x64\jre\17.0.6-win32-x86_64\bin\java.dll
Event: 0.289 Loaded shared library C:\Users\sebas\.vscode\extensions\redhat.java-1.16.0-win32-x64\jre\17.0.6-win32-x86_64\bin\net.dll
Event: 0.293 Loaded shared library C:\Users\sebas\.vscode\extensions\redhat.java-1.16.0-win32-x64\jre\17.0.6-win32-x86_64\bin\nio.dll
Event: 0.586 Loaded shared library C:\Users\sebas\.vscode\extensions\redhat.java-1.16.0-win32-x64\jre\17.0.6-win32-x86_64\bin\zip.dll
Event: 4.686 Loaded shared library C:\Users\sebas\.vscode\extensions\redhat.java-1.16.0-win32-x64\jre\17.0.6-win32-x86_64\bin\jimage.dll
Event: 8.994 Loaded shared library C:\Users\sebas\.vscode\extensions\redhat.java-1.16.0-win32-x64\jre\17.0.6-win32-x86_64\bin\management.dll
Event: 8.997 Loaded shared library C:\Users\sebas\.vscode\extensions\redhat.java-1.16.0-win32-x64\jre\17.0.6-win32-x86_64\bin\management_ext.dll
Event: 11.601 Loaded shared library C:\Users\sebas\.vscode\extensions\redhat.java-1.16.0-win32-x64\jre\17.0.6-win32-x86_64\bin\sunmscapi.dll
Event: 13.865 Loaded shared library c:\Users\sebas\.vscode\extensions\redhat.java-1.16.0-win32-x64\jre\17.0.6-win32-x86_64\bin\verify.dll
Event: 15.439 Loaded shared library C:\Users\sebas\AppData\Local\Temp\snappy-1.1.8-c5422bfc-f798-43a0-986d-4fd35ed9c7eb-snappyjava.dll

Deoptimization events (20 events):
Event: 2172.816 Thread 0x000001ebd9b390e0 DEOPT PACKING pc=0x000001ebd1a84f6c sp=0x000000b84c3fdde0
Event: 2172.816 Thread 0x000001ebd9b390e0 DEOPT UNPACKING pc=0x000001ebd00cace3 sp=0x000000b84c3fd498 mode 0
Event: 2172.816 Thread 0x000001ebd9b390e0 DEOPT PACKING pc=0x000001ebd1889d74 sp=0x000000b84c3fe060
Event: 2172.816 Thread 0x000001ebd9b390e0 DEOPT UNPACKING pc=0x000001ebd00cace3 sp=0x000000b84c3fdac0 mode 0
Event: 2172.816 Thread 0x000001ebd9b390e0 DEOPT PACKING pc=0x000001ebd1c3cb04 sp=0x000000b84c3fe6b0
Event: 2172.816 Thread 0x000001ebd9b390e0 DEOPT UNPACKING pc=0x000001ebd00cace3 sp=0x000000b84c3fdc30 mode 0
Event: 2356.175 Thread 0x000001ebdd293110 DEOPT PACKING pc=0x000001ebd1e0e000 sp=0x000000b8494fdf20
Event: 2356.175 Thread 0x000001ebdd293110 DEOPT UNPACKING pc=0x000001ebd00cace3 sp=0x000000b8494fd430 mode 3
Event: 2487.464 Thread 0x000001ebdb2f95a0 DEOPT PACKING pc=0x000001ebd17cfa0f sp=0x000000b84d2fd160
Event: 2487.464 Thread 0x000001ebdb2f95a0 DEOPT UNPACKING pc=0x000001ebd00cace3 sp=0x000000b84d2fc668 mode 3
Event: 2555.464 Thread 0x000001ebd9b390e0 DEOPT PACKING pc=0x000001ebd15b0026 sp=0x000000b84c3fe3b0
Event: 2555.464 Thread 0x000001ebd9b390e0 DEOPT UNPACKING pc=0x000001ebd00cace3 sp=0x000000b84c3fd938 mode 0
Event: 2561.650 Thread 0x000001ebd9b390e0 DEOPT PACKING pc=0x000001ebd158f6d8 sp=0x000000b84c3fba80
Event: 2561.650 Thread 0x000001ebd9b390e0 DEOPT UNPACKING pc=0x000001ebd00cace3 sp=0x000000b84c3fb0a8 mode 0
Event: 2561.650 Thread 0x000001ebd9b390e0 DEOPT PACKING pc=0x000001ebd15bad0c sp=0x000000b84c3fc060
Event: 2561.650 Thread 0x000001ebd9b390e0 DEOPT UNPACKING pc=0x000001ebd00cace3 sp=0x000000b84c3fb4f0 mode 0
Event: 2563.825 Thread 0x000001ebd98ea070 DEOPT PACKING pc=0x000001ebd1afd594 sp=0x000000b84a7fda40
Event: 2563.825 Thread 0x000001ebd98ea070 DEOPT UNPACKING pc=0x000001ebd00cace3 sp=0x000000b84a7fcf78 mode 0
Event: 3126.199 Thread 0x000001ebdd2a1db0 DEOPT PACKING pc=0x000001ebd1210eab sp=0x000000b8494fe070
Event: 3126.199 Thread 0x000001ebdd2a1db0 DEOPT UNPACKING pc=0x000001ebd00cace3 sp=0x000000b8494fd600 mode 3

Classes unloaded (20 events):
Event: 2210.186 Thread 0x000001ebd8663a00 Unloading class 0x000000010098b400 'java/lang/invoke/LambdaForm$MH+0x000000010098b400'
Event: 2210.186 Thread 0x000001ebd8663a00 Unloading class 0x000000010098b000 'java/lang/invoke/LambdaForm$MH+0x000000010098b000'
Event: 2210.186 Thread 0x000001ebd8663a00 Unloading class 0x000000010098a800 'java/lang/invoke/LambdaForm$MH+0x000000010098a800'
Event: 2210.187 Thread 0x000001ebd8663a00 Unloading class 0x000000010098a400 'java/lang/invoke/LambdaForm$MH+0x000000010098a400'
Event: 2210.187 Thread 0x000001ebd8663a00 Unloading class 0x000000010098a000 'java/lang/invoke/LambdaForm$MH+0x000000010098a000'
Event: 2210.187 Thread 0x000001ebd8663a00 Unloading class 0x0000000100989c00 'java/lang/invoke/LambdaForm$MH+0x0000000100989c00'
Event: 2210.187 Thread 0x000001ebd8663a00 Unloading class 0x0000000100989800 'java/lang/invoke/LambdaForm$MH+0x0000000100989800'
Event: 2210.187 Thread 0x000001ebd8663a00 Unloading class 0x0000000100989400 'java/lang/invoke/LambdaForm$MH+0x0000000100989400'
Event: 2219.472 Thread 0x000001ebd8663a00 Unloading class 0x0000000100988c00 'java/lang/invoke/LambdaForm$MH+0x0000000100988c00'
Event: 2219.472 Thread 0x000001ebd8663a00 Unloading class 0x0000000100988800 'java/lang/invoke/LambdaForm$MH+0x0000000100988800'
Event: 2219.472 Thread 0x000001ebd8663a00 Unloading class 0x0000000100988400 'java/lang/invoke/LambdaForm$MH+0x0000000100988400'
Event: 2219.472 Thread 0x000001ebd8663a00 Unloading class 0x0000000100988000 'java/lang/invoke/LambdaForm$MH+0x0000000100988000'
Event: 2391.859 Thread 0x000001ebd8663a00 Unloading class 0x0000000100989c00 'java/lang/invoke/LambdaForm$MH+0x0000000100989c00'
Event: 2391.859 Thread 0x000001ebd8663a00 Unloading class 0x0000000100989800 'java/lang/invoke/LambdaForm$MH+0x0000000100989800'
Event: 2391.859 Thread 0x000001ebd8663a00 Unloading class 0x000000010098a400 'java/lang/invoke/LambdaForm$MH+0x000000010098a400'
Event: 2391.859 Thread 0x000001ebd8663a00 Unloading class 0x000000010098a000 'java/lang/invoke/LambdaForm$MH+0x000000010098a000'
Event: 2391.859 Thread 0x000001ebd8663a00 Unloading class 0x000000010098c400 'java/lang/invoke/LambdaForm$MH+0x000000010098c400'
Event: 2391.859 Thread 0x000001ebd8663a00 Unloading class 0x000000010098c000 'java/lang/invoke/LambdaForm$MH+0x000000010098c000'
Event: 2391.859 Thread 0x000001ebd8663a00 Unloading class 0x0000000100989400 'java/lang/invoke/LambdaForm$MH+0x0000000100989400'
Event: 2391.859 Thread 0x000001ebd8663a00 Unloading class 0x000000010098a800 'java/lang/invoke/LambdaForm$MH+0x000000010098a800'

Classes redefined (0 events):
No events

Internal exceptions (20 events):
Event: 3338.037 Thread 0x000001ebd9b390e0 Exception <a 'sun/nio/fs/WindowsException'{0x00000000cc924a98}> (0x00000000cc924a98) 
thrown [s\src\hotspot\share\prims\jni.cpp, line 516]
Event: 3338.038 Thread 0x000001ebd9b390e0 Exception <a 'sun/nio/fs/WindowsException'{0x00000000cc9260c0}> (0x00000000cc9260c0) 
thrown [s\src\hotspot\share\prims\jni.cpp, line 516]
Event: 3342.475 Thread 0x000001ebd9b390e0 Exception <a 'sun/nio/fs/WindowsException'{0x00000000cb8230d0}> (0x00000000cb8230d0) 
thrown [s\src\hotspot\share\prims\jni.cpp, line 516]
Event: 3342.475 Thread 0x000001ebd9b390e0 Exception <a 'sun/nio/fs/WindowsException'{0x00000000cb8246f8}> (0x00000000cb8246f8) 
thrown [s\src\hotspot\share\prims\jni.cpp, line 516]
Event: 3369.052 Thread 0x000001ebdcde3880 Exception <a 'sun/nio/fs/WindowsException'{0x00000000ca2ef860}> (0x00000000ca2ef860) 
thrown [s\src\hotspot\share\prims\jni.cpp, line 516]
Event: 3369.052 Thread 0x000001ebdcde3880 Exception <a 'sun/nio/fs/WindowsException'{0x00000000ca2f0e88}> (0x00000000ca2f0e88) 
thrown [s\src\hotspot\share\prims\jni.cpp, line 516]
Event: 3370.672 Thread 0x000001ebd9b390e0 Exception <a 'sun/nio/fs/WindowsException'{0x00000000ce379eb8}> (0x00000000ce379eb8) 
thrown [s\src\hotspot\share\prims\jni.cpp, line 516]
Event: 3370.672 Thread 0x000001ebd9b390e0 Exception <a 'sun/nio/fs/WindowsException'{0x00000000ce37b4e0}> (0x00000000ce37b4e0) 
thrown [s\src\hotspot\share\prims\jni.cpp, line 516]
Event: 3371.992 Thread 0x000001ebd9b390e0 Exception <a 'sun/nio/fs/WindowsException'{0x00000000cdc088e0}> (0x00000000cdc088e0) 
thrown [s\src\hotspot\share\prims\jni.cpp, line 516]
Event: 3371.992 Thread 0x000001ebd9b390e0 Exception <a 'sun/nio/fs/WindowsException'{0x00000000cdc09f08}> (0x00000000cdc09f08) 
thrown [s\src\hotspot\share\prims\jni.cpp, line 516]
Event: 3378.830 Thread 0x000001ebdcde3880 Exception <a 'sun/nio/fs/WindowsException'{0x00000000cba03310}> (0x00000000cba03310) 
thrown [s\src\hotspot\share\prims\jni.cpp, line 516]
Event: 3378.831 Thread 0x000001ebdcde3880 Exception <a 'sun/nio/fs/WindowsException'{0x00000000cba04938}> (0x00000000cba04938) 
thrown [s\src\hotspot\share\prims\jni.cpp, line 516]
Event: 3381.654 Thread 0x000001ebd9b390e0 Exception <a 'sun/nio/fs/WindowsException'{0x00000000cd4e8b28}> (0x00000000cd4e8b28) 
thrown [s\src\hotspot\share\prims\jni.cpp, line 516]
Event: 3381.654 Thread 0x000001ebd9b390e0 Exception <a 'sun/nio/fs/WindowsException'{0x00000000cd4ea150}> (0x00000000cd4ea150) 
thrown [s\src\hotspot\share\prims\jni.cpp, line 516]
Event: 3390.845 Thread 0x000001ebdcde3880 Exception <a 'sun/nio/fs/WindowsException'{0x00000000cd291b20}> (0x00000000cd291b20) 
thrown [s\src\hotspot\share\prims\jni.cpp, line 516]
Event: 3390.846 Thread 0x000001ebdcde3880 Exception <a 'sun/nio/fs/WindowsException'{0x00000000cd293148}> (0x00000000cd293148) 
thrown [s\src\hotspot\share\prims\jni.cpp, line 516]
Event: 3392.961 Thread 0x000001ebdcde3880 Exception <a 'sun/nio/fs/WindowsException'{0x00000000ca8149f8}> (0x00000000ca8149f8) 
thrown [s\src\hotspot\share\prims\jni.cpp, line 516]
Event: 3392.961 Thread 0x000001ebdcde3880 Exception <a 'sun/nio/fs/WindowsException'{0x00000000ca816020}> (0x00000000ca816020) 
thrown [s\src\hotspot\share\prims\jni.cpp, line 516]
Event: 3399.178 Thread 0x000001ebdcde3880 Exception <a 'sun/nio/fs/WindowsException'{0x00000000cdf4b6d8}> (0x00000000cdf4b6d8) 
thrown [s\src\hotspot\share\prims\jni.cpp, line 516]
Event: 3399.178 Thread 0x000001ebdcde3880 Exception <a 'sun/nio/fs/WindowsException'{0x00000000cdf4cd00}> (0x00000000cdf4cd00) 
thrown [s\src\hotspot\share\prims\jni.cpp, line 516]

VM Operations (20 events):
Event: 3437.452 Executing VM operation: G1CollectFull done
Event: 3447.635 Executing VM operation: G1CollectFull
Event: 3447.720 Executing VM operation: G1CollectFull done
Event: 3457.844 Executing VM operation: G1CollectFull
Event: 3457.898 Executing VM operation: G1CollectFull done
Event: 3468.015 Executing VM operation: G1CollectFull
Event: 3468.064 Executing VM operation: G1CollectFull done
Event: 3478.193 Executing VM operation: G1CollectFull
Event: 3478.240 Executing VM operation: G1CollectFull done
Event: 3488.359 Executing VM operation: G1CollectFull
Event: 3488.421 Executing VM operation: G1CollectFull done
Event: 3498.545 Executing VM operation: G1CollectFull
Event: 3498.595 Executing VM operation: G1CollectFull done
Event: 3508.711 Executing VM operation: G1CollectFull
Event: 3508.761 Executing VM operation: G1CollectFull done
Event: 3518.883 Executing VM operation: G1CollectFull
Event: 3518.934 Executing VM operation: G1CollectFull done
Event: 3529.057 Executing VM operation: G1CollectFull
Event: 3529.106 Executing VM operation: G1CollectFull done
Event: 3539.141 Executing VM operation: G1CollectFull

Events (20 events):
Event: 2555.559 Thread 0x000001ebd902bc30 flushing nmethod 0x000001ebd1a0c510
Event: 2555.559 Thread 0x000001ebd902bc30 flushing nmethod 0x000001ebd1a50890
Event: 2555.560 Thread 0x000001ebd902bc30 flushing nmethod 0x000001ebd1a83910
Event: 2555.562 Thread 0x000001ebd902bc30 flushing nmethod 0x000001ebd1c3c690
Event: 2566.153 Thread 0x000001ebdd2ca7f0 Thread added: 0x000001ebdd2ca7f0
Event: 2571.246 Thread 0x000001ebdd2ca7f0 Thread exited: 0x000001ebdd2ca7f0
Event: 2643.311 Thread 0x000001ebdd293110 Thread exited: 0x000001ebdd293110
Event: 2644.350 Thread 0x000001ebd9b38270 Thread exited: 0x000001ebd9b38270
Event: 2658.447 Thread 0x000001ebea563af0 Thread added: 0x000001ebea563af0
Event: 2661.111 Thread 0x000001ebd9b38740 Thread added: 0x000001ebd9b38740
Event: 2661.113 Thread 0x000001ebdcde3880 Thread added: 0x000001ebdcde3880
Event: 2661.162 Thread 0x000001ebea563af0 Thread exited: 0x000001ebea563af0
Event: 2729.906 Thread 0x000001ebd98ea070 Thread exited: 0x000001ebd98ea070
Event: 2730.706 Thread 0x000001ebdd2a1db0 Thread added: 0x000001ebdd2a1db0
Event: 3194.284 Thread 0x000001ebdd2a1db0 Thread exited: 0x000001ebdd2a1db0
Event: 3240.587 Thread 0x000001ebdb2f8730 Thread added: 0x000001ebdb2f8730
Event: 3459.268 Thread 0x000001ebdb2f8730 Thread exited: 0x000001ebdb2f8730
Event: 3464.528 Thread 0x000001ebdcde3880 Thread exited: 0x000001ebdcde3880
Event: 3464.821 Thread 0x000001ebd9b38740 Thread exited: 0x000001ebd9b38740
Event: 3524.537 Thread 0x000001ebd9b390e0 Thread exited: 0x000001ebd9b390e0


Dynamic libraries:
0x00007ff7d9b40000 - 0x00007ff7d9b4e000 	c:\Users\sebas\.vscode\extensions\redhat.java-1.16.0-win32-x64\jre\17.0.6-win32-x86_64\bin\java.exe
0x00007ffc11e70000 - 0x00007ffc12084000 	C:\WINDOWS\SYSTEM32\ntdll.dll
0x00007ffc108e0000 - 0x00007ffc109a3000 	C:\WINDOWS\System32\KERNEL32.DLL
0x00007ffc0f780000 - 0x00007ffc0fb1c000 	C:\WINDOWS\System32\KERNELBASE.dll
0x00007ffc0c0c0000 - 0x00007ffc0c157000 	C:\WINDOWS\SYSTEM32\apphelp.dll
0x00007ffc0f400000 - 0x00007ffc0f511000 	C:\WINDOWS\System32\ucrtbase.dll
0x00007ffbefc30000 - 0x00007ffbefc49000 	c:\Users\sebas\.vscode\extensions\redhat.java-1.16.0-win32-x64\jre\17.0.6-win32-x86_64\bin\VCRUNTIME140.dll
0x00007ffbefce0000 - 0x00007ffbefcf7000 	c:\Users\sebas\.vscode\extensions\redhat.java-1.16.0-win32-x64\jre\17.0.6-win32-x86_64\bin\jli.dll
0x00007ffc11a50000 - 0x00007ffc11bfd000 	C:\WINDOWS\System32\USER32.dll
0x00007ffc0f2b0000 - 0x00007ffc0f2d6000 	C:\WINDOWS\System32\win32u.dll
0x00007ffc11df0000 - 0x00007ffc11e19000 	C:\WINDOWS\System32\GDI32.dll
0x00007ffc0f2e0000 - 0x00007ffc0f3f3000 	C:\WINDOWS\System32\gdi32full.dll
0x00007ffc0fbe0000 - 0x00007ffc0fc7a000 	C:\WINDOWS\System32\msvcp_win.dll
0x00007ffbeaea0000 - 0x00007ffbeb12e000 	C:\WINDOWS\WinSxS\amd64_microsoft.windows.common-controls_6595b64144ccf1df_6.0.22621.608_none_a9444ca7c10bb01d\COMCTL32.dll
0x00007ffc0fe60000 - 0x00007ffc0ff07000 	C:\WINDOWS\System32\msvcrt.dll
0x00007ffc0fe20000 - 0x00007ffc0fe51000 	C:\WINDOWS\System32\IMM32.DLL
0x00007ffc0bfc0000 - 0x00007ffc0bfcc000 	c:\Users\sebas\.vscode\extensions\redhat.java-1.16.0-win32-x64\jre\17.0.6-win32-x86_64\bin\vcruntime140_1.dll
0x00007ffbc1c60000 - 0x00007ffbc1cf1000 	c:\Users\sebas\.vscode\extensions\redhat.java-1.16.0-win32-x64\jre\17.0.6-win32-x86_64\bin\msvcp140.dll
0x00007ffb48840000 - 0x00007ffb49487000 	c:\Users\sebas\.vscode\extensions\redhat.java-1.16.0-win32-x64\jre\17.0.6-win32-x86_64\bin\server\jvm.dll
0x00007ffc10830000 - 0x00007ffc108de000 	C:\WINDOWS\System32\ADVAPI32.dll
0x00007ffc10720000 - 0x00007ffc107c4000 	C:\WINDOWS\System32\sechost.dll
0x00007ffc118a0000 - 0x00007ffc119b5000 	C:\WINDOWS\System32\RPCRT4.dll
0x00007ffbd5500000 - 0x00007ffbd5509000 	C:\WINDOWS\SYSTEM32\WSOCK32.dll
0x00007ffc100a0000 - 0x00007ffc10111000 	C:\WINDOWS\System32\WS2_32.dll
0x00007ffc07950000 - 0x00007ffc07984000 	C:\WINDOWS\SYSTEM32\WINMM.dll
0x00007ffc07940000 - 0x00007ffc0794a000 	C:\WINDOWS\SYSTEM32\VERSION.dll
0x00007ffc0e3b0000 - 0x00007ffc0e3c8000 	C:\WINDOWS\SYSTEM32\kernel.appcore.dll
0x00007ffc07a90000 - 0x00007ffc07a9a000 	c:\Users\sebas\.vscode\extensions\redhat.java-1.16.0-win32-x64\jre\17.0.6-win32-x86_64\bin\jimage.dll
0x00007ffc0c9e0000 - 0x00007ffc0cc0e000 	C:\WINDOWS\SYSTEM32\DBGHELP.DLL
0x00007ffc10120000 - 0x00007ffc104a9000 	C:\WINDOWS\System32\combase.dll
0x00007ffc11d10000 - 0x00007ffc11de7000 	C:\WINDOWS\System32\OLEAUT32.dll
0x00007ffbfa3e0000 - 0x00007ffbfa412000 	C:\WINDOWS\SYSTEM32\dbgcore.DLL
0x00007ffc0f520000 - 0x00007ffc0f59b000 	C:\WINDOWS\System32\bcryptPrimitives.dll
0x00007ffbe8b00000 - 0x00007ffbe8b25000 	c:\Users\sebas\.vscode\extensions\redhat.java-1.16.0-win32-x64\jre\17.0.6-win32-x86_64\bin\java.dll
0x00007ffbee800000 - 0x00007ffbee818000 	c:\Users\sebas\.vscode\extensions\redhat.java-1.16.0-win32-x64\jre\17.0.6-win32-x86_64\bin\zip.dll
0x00007ffc10e30000 - 0x00007ffc11620000 	C:\WINDOWS\System32\SHELL32.dll
0x00007ffc0d110000 - 0x00007ffc0d9de000 	C:\WINDOWS\SYSTEM32\windows.storage.dll
0x00007ffc0da10000 - 0x00007ffc0db4e000 	C:\WINDOWS\SYSTEM32\wintypes.dll
0x00007ffc11c10000 - 0x00007ffc11d01000 	C:\WINDOWS\System32\SHCORE.dll
0x00007ffc11840000 - 0x00007ffc1189e000 	C:\WINDOWS\System32\shlwapi.dll
0x00007ffc0f1e0000 - 0x00007ffc0f201000 	C:\WINDOWS\SYSTEM32\profapi.dll
0x00007ffbee7d0000 - 0x00007ffbee7e9000 	C:\Users\sebas\.vscode\extensions\redhat.java-1.16.0-win32-x64\jre\17.0.6-win32-x86_64\bin\net.dll
0x00007ffc08c20000 - 0x00007ffc08d4f000 	C:\WINDOWS\SYSTEM32\WINHTTP.dll
0x00007ffc0e810000 - 0x00007ffc0e879000 	C:\WINDOWS\system32\mswsock.dll
0x00007ffbecb70000 - 0x00007ffbecb85000 	C:\Users\sebas\.vscode\extensions\redhat.java-1.16.0-win32-x64\jre\17.0.6-win32-x86_64\bin\nio.dll
0x00007ffc0eb30000 - 0x00007ffc0eb4b000 	C:\WINDOWS\SYSTEM32\CRYPTSP.dll
0x00007ffc0e320000 - 0x00007ffc0e355000 	C:\WINDOWS\system32\rsaenh.dll
0x00007ffc0e8b0000 - 0x00007ffc0e8d8000 	C:\WINDOWS\SYSTEM32\USERENV.dll
0x00007ffc0ec60000 - 0x00007ffc0ec88000 	C:\WINDOWS\SYSTEM32\bcrypt.dll
0x00007ffc0eb10000 - 0x00007ffc0eb1c000 	C:\WINDOWS\SYSTEM32\CRYPTBASE.dll
0x00007ffc0de10000 - 0x00007ffc0de3d000 	C:\WINDOWS\SYSTEM32\IPHLPAPI.DLL
0x00007ffc11680000 - 0x00007ffc11689000 	C:\WINDOWS\System32\NSI.dll
0x00007ffc088b0000 - 0x00007ffc088c9000 	C:\WINDOWS\SYSTEM32\dhcpcsvc6.DLL
0x00007ffc08800000 - 0x00007ffc0881f000 	C:\WINDOWS\SYSTEM32\dhcpcsvc.DLL
0x00007ffc0de40000 - 0x00007ffc0df33000 	C:\WINDOWS\SYSTEM32\DNSAPI.dll
0x00007ffbec590000 - 0x00007ffbec599000 	C:\Users\sebas\.vscode\extensions\redhat.java-1.16.0-win32-x64\jre\17.0.6-win32-x86_64\bin\management.dll
0x00007ffbec580000 - 0x00007ffbec58b000 	C:\Users\sebas\.vscode\extensions\redhat.java-1.16.0-win32-x64\jre\17.0.6-win32-x86_64\bin\management_ext.dll
0x00007ffc106f0000 - 0x00007ffc106f8000 	C:\WINDOWS\System32\PSAPI.DLL
0x00007ffbebb50000 - 0x00007ffbebb5e000 	C:\Users\sebas\.vscode\extensions\redhat.java-1.16.0-win32-x64\jre\17.0.6-win32-x86_64\bin\sunmscapi.dll
0x00007ffc0f610000 - 0x00007ffc0f776000 	C:\WINDOWS\System32\CRYPT32.dll
0x00007ffc0ec30000 - 0x00007ffc0ec5d000 	C:\WINDOWS\SYSTEM32\ncrypt.dll
0x00007ffc0ebf0000 - 0x00007ffc0ec27000 	C:\WINDOWS\SYSTEM32\NTASN1.dll
0x00007ffc030f0000 - 0x00007ffc030fa000 	C:\Windows\System32\rasadhlp.dll
0x00007ffc07760000 - 0x00007ffc077e3000 	C:\WINDOWS\System32\fwpuclnt.dll
0x00007ffbf6400000 - 0x00007ffbf6410000 	c:\Users\sebas\.vscode\extensions\redhat.java-1.16.0-win32-x64\jre\17.0.6-win32-x86_64\bin\verify.dll
0x000000006c500000 - 0x000000006c5c7000 	C:\Users\sebas\AppData\Local\Temp\snappy-1.1.8-c5422bfc-f798-43a0-986d-4fd35ed9c7eb-snappyjava.dll

dbghelp: loaded successfully - version: 4.0.5 - missing functions: none
symbol engine: initialized successfully - sym options: 0x614 - pdb path: .;c:\Users\sebas\.vscode\extensions\redhat.java-1.16.0-win32-x64\jre\17.0.6-win32-x86_64\bin;C:\WINDOWS\SYSTEM32;C:\WINDOWS\WinSxS\amd64_microsoft.windows.common-controls_6595b64144ccf1df_6.0.22621.608_none_a9444ca7c10bb01d;c:\Users\sebas\.vscode\extensions\redhat.java-1.16.0-win32-x64\jre\17.0.6-win32-x86_64\bin\server;C:\Users\sebas\AppData\Local\Temp

VM Arguments:
jvm_args: -XX:+HeapDumpOnOutOfMemoryError -Xmx1024m -Dsts.lsp.client=vscode -Dsts.log.file=/dev/null -XX:TieredStopAtLevel=1 -Xlog:jni+resolve=off -Dspring.config.location=file:c:\Users\sebas\.vscode\extensions\vmware.vscode-spring-boot-1.45.0\language-server\BOOT-INF\classes\application.properties 
java_command: org.springframework.ide.vscode.boot.app.BootLanguageServerBootApp
java_class_path (initial): c:\Users\sebas\.vscode\extensions\vmware.vscode-spring-boot-1.45.0\language-server\BOOT-INF\classes;c:\Users\sebas\.vscode\extensions\vmware.vscode-spring-boot-1.45.0\language-server\BOOT-INF\lib\annotations-24.0.1.jar;c:\Users\sebas\.vscode\extensions\vmware.vscode-spring-boot-1.45.0\language-server\BOOT-INF\lib\ant-1.10.13.jar;c:\Users\sebas\.vscode\extensions\vmware.vscode-spring-boot-1.45.0\language-server\BOOT-INF\lib\ant-launcher-1.10.13.jar;c:\Users\sebas\.vscode\extensions\vmware.vscode-spring-boot-1.45.0\language-server\BOOT-INF\lib\antlr-runtime-3.5.3.jar;c:\Users\sebas\.vscode\extensions\vmware.vscode-spring-boot-1.45.0\language-server\BOOT-INF\lib\antlr4-4.11.1.jar;c:\Users\sebas\.vscode\extensions\vmware.vscode-spring-boot-1.45.0\language-server\BOOT-INF\lib\antlr4-runtime-4.11.1.jar;c:\Users\sebas\.vscode\extensions\vmware.vscode-spring-boot-1.45.0\language-server\BOOT-INF\lib\asm-9.4.jar;c:\Users\sebas\.vscode\extensions\vmware.vscode-spring-boot-1.45.0\language-server\BOOT-INF\lib\asm-analysis-9.4.jar;c:\Users\sebas\.vscode\extensions\vmware.vscode-spring-boot-1.45.0\language-server\BOOT-INF\lib\asm-tree-9.4.jar;c:\Users\sebas\.vscode\extensions\vmware.vscode-spring-boot-1.45.0\language-server\BOOT-INF\lib\asm-util-9.4.jar;c:\Users\sebas\.vscode\extensions\vmware.vscode-spring-boot-1.45.0\language-server\BOOT-INF\lib\caffeine-3.1.2.jar;c:\Users\sebas\.vscode\extensions\vmware.vscode-spring-boot-1.45.0\language-server\BOOT-INF\lib\checker-qual-3.12.0.jar;c:\Users\sebas\.vscode\extensions\vmware.vscode-spring-boot-1.45.0\language-server\BOOT-INF\lib\classgraph-4.8.149.jar;c:\Users\sebas\.vscode\extensions\vmware.vscode-spring-boot-1.45.0\language-server\BOOT-INF\lib\commons-codec-1.15.jar;c:\Users\sebas\.vscode\extensions\vmware.vscode-spring-boot-1.45.0\language-server\BOOT-INF\lib\commons-compress-1.22.jar;c:\Users\sebas\.vscode\extensions\vmware.vscode-spring-boot-1.45.0\language-server\BOOT-INF\lib\commons-io-2.4.jar;c:
Launcher Type: SUN_STANDARD

[Global flags]
     intx CICompilerCount                          = 4                                         {product} {ergonomic}
     uint ConcGCThreads                            = 3                                         {product} {ergonomic}
     uint G1ConcRefinementThreads                  = 10                                        {product} {ergonomic}
   size_t G1HeapRegionSize                         = 1048576                                   {product} {ergonomic}
    uintx GCDrainStackTargetSize                   = 64                                        {product} {ergonomic}
     bool HeapDumpOnOutOfMemoryError               = true                                   {manageable} {command line}
   size_t InitialHeapSize                          = 130023424                                 {product} {ergonomic}
   size_t MarkStackSize                            = 4194304                                   {product} {ergonomic}
   size_t MaxHeapSize                              = 1073741824                                {product} {command line}
   size_t MaxNewSize                               = 643825664                                 {product} {ergonomic}
   size_t MinHeapDeltaBytes                        = 1048576                                   {product} {ergonomic}
   size_t MinHeapSize                              = 8388608                                   {product} {ergonomic}
    uintx NonProfiledCodeHeapSize                  = 0                                      {pd product} {ergonomic}
     bool ProfileInterpreter                       = false                                  {pd product} {command line}
    uintx ProfiledCodeHeapSize                     = 0                                      {pd product} {ergonomic}
   size_t SoftMaxHeapSize                          = 1073741824                             {manageable} {ergonomic}
     intx TieredStopAtLevel                        = 1                                         {product} {command line}
     bool UseCompressedClassPointers               = true                           {product lp64_product} {ergonomic}
     bool UseCompressedOops                        = true                           {product lp64_product} {ergonomic}
     bool UseG1GC                                  = true                                      {product} {ergonomic}
     bool UseLargePagesIndividualAllocation        = false                                  {pd product} {ergonomic}

Logging:
Log output configuration:
 #0: stdout all=warning,jni+resolve=off uptime,level,tags
 #1: stderr all=off uptime,level,tags

Environment Variables:
PATH=C:\Program Files\Eclipse Adoptium\jdk-17.0.6.10-hotspot\bin;C:\Program Files\Common Files\Oracle\Java\javapath;C:\Program Files (x86)\Common Files\Oracle\Java\javapath;C:\windows\system32;C:\windows;C:\windows\System32\Wbem;C:\windows\System32\WindowsPowerShell\v1.0\;C:\windows\System32\OpenSSH\;C:\Program Files (x86)\NVIDIA Corporation\PhysX\Common;C:\Program Files\NVIDIA Corporation\NVIDIA NvDLISR;C:\Program Files\Git\cmd;C:\WINDOWS\system32;C:\WINDOWS;C:\WINDOWS\System32\Wbem;C:\WINDOWS\System32\WindowsPowerShell\v1.0\;C:\WINDOWS\System32\OpenSSH\;C:\Program Files\usbipd-win\;C:\Program Files\MySQL\MySQL Shell 8.0\bin\;C:\Users\sebas\AppData\Local\Programs\Microsoft VS Code\bin;C:\Users\sebas\AppData\Local\Microsoft\WindowsApps;
USERNAME=sebas
OS=Windows_NT
PROCESSOR_IDENTIFIER=Intel64 Family 6 Model 141 Stepping 1, GenuineIntel
TMP=C:\Users\sebas\AppData\Local\Temp
TEMP=C:\Users\sebas\AppData\Local\Temp



---------------  S Y S T E M  ---------------

OS:
 Windows 11 , 64 bit Build 22621 (10.0.22621.1344)
OS uptime: 4 days 0:49 hours
Hyper-V role detected

CPU: total 12 (initial active 12) (6 cores per cpu, 2 threads per core) family 6 model 141 stepping 1 microcode 0x40, cx8, cmov, fxsr, ht, mmx, 3dnowpref, sse, sse2, sse3, ssse3, sse4.1, sse4.2, popcnt, lzcnt, tsc, tscinvbit, avx, avx2, aes, erms, clmul, bmi1, bmi2, adx, avx512f, avx512dq, avx512cd, avx512bw, avx512vl, sha, fma, vzeroupper, avx512_vpopcntdq, avx512_vpclmulqdq, avx512_vaes, avx512_vnni, clflush, clflushopt, clwb, avx512_vbmi2, avx512_vbmi, hv

Memory: 4k page, system-wide physical 7829M (387M free)
TotalPageFile size 31381M (AvailPageFile size 2M)
current process WorkingSet (physical memory assigned to process): 234M, peak: 759M
current process commit charge ("private bytes"): 459M, peak: 917M

vm_info: OpenJDK 64-Bit Server VM (17.0.6+10) for windows-amd64 JRE (17.0.6+10), built on Jan 18 2023 10:08:59 by "temurin" with MS VC++ 16.7 (VS2019)

END.
